CPEN 431 EVALUATION test Client
Time: Thu Mar 02 05:21:05 UTC 2023
Build Date: Thu Mar 02 05:12:01 UTC 2023
Java process ID: 2489
Client Version: 1
[Info] Starting A7 Tests

[Info] Correct submission information.
[Info] Checking if the test client is running on AWS
[Info] Detected instance type: c5.xlarge


[Info] Done building nodes' list.
[Info] The deployment has 20 server nodes.
[Info] Checking server deployment.
Deployment information:
c5.xlarge 
 Ubuntu 20.04.5 LTS 
 qdisc netem 8001: root refcnt 2 limit 1000 delay 5.0ms loss 2.5% 
 qdisc netem 8002: root refcnt 5 limit 1000 delay 5.0ms loss 2.5% 

[Test isAlive] for 127.0.0.1:43100
Sending GETPID to all servers... 
[Info] Server node 127.0.0.143100 has process ID 2451.
[ ... Completed in 0.025 seconds ]
[OK]
Sending GetMembershipCount to all servers... 
[Info] Server 127.0.0.1:43100 replied with membership count = 1 (expected count = 1)
[ ... Completed in 0.002 seconds ]
[Ok] All servers returned the expected membership count (1)
Sending WIPE-OUT to all servers...
[ ... Completed in 0.019 seconds ]
[OK]
Waiting for 5 seconds for the cache to be cleared!

[ TEST Basic PUT/GET (PUT -> GET). Value Length = 8 Bytes ]
TEST_PASSED

[ TEST Basic PUT/GET (PUT -> GET). Value Length = 32 Bytes ]
TEST_PASSED

[ TEST Basic PUT/GET (PUT -> GET). Value Length = 2048 Bytes ]
TEST_PASSED

[ TEST Basic PUT/GET (PUT -> GET). Value Length = 10000 Bytes ]
TEST_PASSED


[ TEST Basic KVS with message version (PUT Version 1 -> GET -> PUT Version 2 -> GET). Value Length = 8 Bytes ]
TEST_PASSED


[ TEST Basic KVS with message version (PUT Version 1 -> GET -> PUT Version 2 -> GET). Value Length = 32 Bytes ]
TEST_PASSED


[ TEST Basic KVS with message version (PUT Version 1 -> GET -> PUT Version 2 -> GET). Value Length = 2048 Bytes ]
TEST_PASSED


[ TEST Basic KVS with message version (PUT Version 1 -> GET -> PUT Version 2 -> GET). Value Length = 10000 Bytes ]
TEST_PASSED

[ TEST Basic REMOVE (PUT -> GET -> REM -> GET). Value Length = 32 Bytes. ]
TEST_PASSED

[ TEST Double remove (PUT -> REM -> REM). Value Length = 32 Bytes. ]
TEST_PASSED

[ TEST Invalid Command. ]
TEST_PASSED

[ TEST At-Most-Once Client Policy (PUT -> REM -> REM). Value length =  32 Bytes ]
TEST_PASSED

[ TEST At-Most-Once Client Policy Empty REMs (EMPTY -> REM -> REM) ]
TEST_PASSED

[ TEST At-Most-Once Client Policy Error Return Code (REM -> PUT -> REM) ]
TEST_PASSED

[ TEST At-Most-Once Client Policy (PUT -> REM -> many PUT -> REM). Value length =  32 Bytes ]
Pausing for 10 seconds to wait for the cache to be cleared!
TEST_PASSED

[ TEST At-Most-Once Client Policy For PUTs (PUT1 -> PUT2 -> PUT1 -> GET2) ]
TEST_PASSED

[TEST Invalid Key ]
TEST_PASSED

[TEST Invalid Value ]
TEST_PASSED

[ TEST Single Front-End Performance (1 clients, 60.0 seconds): PUT -> GET (closed loop) ]
Test time limit reached: 60.0s.
Test completed after 399024 closed loops.
[Test isAlive] for 127.0.0.1:43100
[ ... Completed in 0.002 seconds ]
Local Single node: Test Status: TEST_PASSED
Clients: 1
Total Requests (without replies): 798048
Total Requests (including replies): 798048
Successful Responses: 798048
Timeout Responses: 0
Total Failed Responses: 0
% Success: 100.0
% Timeout: 0.0
% Failed: 0.0
Response Time (Successful requests):
[max] 23ms, [min] 0ms
[avg] 0.05612444364248767 ms, [stdev] 0.2973397979475748ms
Throughput: 13300.578323694604 requests per second
Goodput: 13300.578323694604 requests per second
Retry Rate (Successful requests): 1.0
Sending WIPE-OUT to all servers...
[ ... Completed in 0.022 seconds ]
[OK]
Waiting for 5 seconds for the cache to be cleared!
[ ... TEST Completed in 65.894 seconds ]

[ TEST Single Front-End Performance (16 clients, 60.0 seconds): PUT -> GET (closed loop) ]
Test time limit reached: 60.0s.
Test completed after 51821 closed loops.
Test time limit reached: 60.0s.
Test time limit reached: 60.0s.
Test time limit reached: 60.0s.
Test completed after 52234 closed loops.
Test completed after 51444 closed loops.
Test completed after 52066 closed loops.
Test time limit reached: 60.0s.
Test completed after 51403 closed loops.
Test time limit reached: 60.0s.
Test completed after 52146 closed loops.
Test time limit reached: 60.0s.
Test completed after 52014 closed loops.
Test time limit reached: 60.0s.
Test completed after 51810 closed loops.
Test time limit reached: 60.0s.
Test completed after 52272 closed loops.
Test time limit reached: 60.0s.
Test time limit reached: 60.0s.
Test completed after 51586 closed loops.
Test time limit reached: 60.0s.
Test completed after 52182 closed loops.
Test completed after 52145 closed loops.
Test time limit reached: 60.0s.
Test completed after 51768 closed loops.
Test time limit reached: 60.0s.
Test completed after 51974 closed loops.
Test time limit reached: 60.0s.
Test completed after 51879 closed loops.
Test time limit reached: 60.0s.
Test completed after 51731 closed loops.
[Test isAlive] for 127.0.0.1:43100
[ ... Completed in 0.003 seconds ]
Local Single node: Test Status: TEST_PASSED
Clients: 16
Total Requests (without replies): 1660942
Total Requests (including replies): 1660958
Successful Responses: 1660942
Timeout Responses: 0
Total Failed Responses: 0
% Success: 100.0
% Timeout: 0.0
% Failed: 0.0
Response Time (Successful requests):
[max] 54ms, [min] 0ms
[avg] 0.5552054195751568 ms, [stdev] 1.2682015768600208ms
Throughput: 27679.137433966036 requests per second
Goodput: 27679.137433966036 requests per second
Retry Rate (Successful requests): 1.0000096330877297
Sending WIPE-OUT to all servers...
[ ... Completed in 0.03 seconds ]
[OK]
Waiting for 5 seconds for the cache to be cleared!
[ ... TEST Completed in 66.437 seconds ]

[ TEST Single Front-End Performance (64 clients, 60.0 seconds): PUT -> GET (closed loop) ]
Test time limit reached: 60.0s.
Test time limit reached: 60.0s.
Test completed after 13364 closed loops.
Test time limit reached: 60.0s.
Test completed after 13295 closed loops.
Test time limit reached: 60.0s.
Test completed after 13317 closed loops.
Test time limit reached: 60.0s.
Test completed after 13336 closed loops.
Test time limit reached: 60.0s.
Test completed after 13297 closed loops.
Test time limit reached: 60.0s.
Test completed after 13324 closed loops.
Test time limit reached: 60.0s.
Test completed after 13300 closed loops.
Test time limit reached: 60.0s.
Test completed after 13394 closed loops.
Test completed after 13387 closed loops.
Test time limit reached: 60.0s.
Test completed after 13304 closed loops.
Test time limit reached: 60.0s.
Test time limit reached: 60.0s.
Test completed after 13302 closed loops.
Test time limit reached: 60.0s.
Test completed after 13304 closed loops.
Test time limit reached: 60.0s.
Test completed after 13319 closed loops.
Test time limit reached: 60.0s.
Test time limit reached: 60.0s.
Test completed after 13311 closed loops.
Test time limit reached: 60.0s.
Test completed after 13305 closed loops.
Test time limit reached: 60.0s.
Test completed after 13349 closed loops.
Test time limit reached: 60.0s.
Test completed after 13400 closed loops.
Test time limit reached: 60.0s.
Test completed after 13318 closed loops.
Test time limit reached: 60.0s.
Test completed after 13311 closed loops.
Test time limit reached: 60.0s.
Test time limit reached: 60.0s.
Test completed after 13349 closed loops.
Test completed after 13311 closed loops.
Test completed after 13328 closed loops.
Test time limit reached: 60.0s.
Test completed after 13323 closed loops.
Test time limit reached: 60.0s.
Test completed after 13345 closed loops.
Test completed after 13333 closed loops.
Test time limit reached: 60.0s.
Test completed after 13314 closed loops.
Test time limit reached: 60.0s.
Test completed after 13290 closed loops.
Test time limit reached: 60.0s.
Test completed after 13338 closed loops.
Test time limit reached: 60.0s.
Test completed after 13391 closed loops.
Test time limit reached: 60.0s.
Test completed after 13325 closed loops.
Test time limit reached: 60.0s.
Test completed after 13314 closed loops.
Test time limit reached: 60.0s.
Test completed after 13409 closed loops.
Test time limit reached: 60.0s.
Test completed after 13343 closed loops.
Test time limit reached: 60.0s.
Test completed after 13410 closed loops.
Test time limit reached: 60.0s.
Test completed after 13333 closed loops.
Test time limit reached: 60.0s.
Test completed after 13308 closed loops.
Test time limit reached: 60.0s.
Test completed after 13370 closed loops.
Test time limit reached: 60.0s.
Test completed after 13316 closed loops.
Test time limit reached: 60.0s.
Test completed after 13331 closed loops.
Test time limit reached: 60.0s.
Test completed after 13421 closed loops.
Test time limit reached: 60.0s.
Test completed after 13337 closed loops.
Test time limit reached: 60.0s.
Test completed after 13303 closed loops.
Test time limit reached: 60.0s.
Test completed after 13318 closed loops.
Test time limit reached: 60.0s.
Test completed after 13336 closed loops.
Test time limit reached: 60.0s.
Test completed after 13341 closed loops.
Test time limit reached: 60.0s.
Test completed after 13320 closed loops.
Test time limit reached: 60.0s.
Test completed after 13334 closed loops.
Test time limit reached: 60.0s.
Test completed after 13357 closed loops.
Test time limit reached: 60.0s.
Test completed after 13379 closed loops.
Test time limit reached: 60.0s.
Test completed after 13319 closed loops.
Test time limit reached: 60.0s.
Test completed after 13335 closed loops.
Test time limit reached: 60.0s.
Test completed after 13407 closed loops.
Test time limit reached: 60.0s.
Test completed after 13325 closed loops.
Test time limit reached: 60.0s.
Test completed after 13372 closed loops.
Test time limit reached: 60.0s.
Test completed after 13287 closed loops.
Test time limit reached: 60.0s.
Test completed after 13309 closed loops.
Test time limit reached: 60.0s.
Test completed after 13349 closed loops.
Test time limit reached: 60.0s.
Test completed after 13305 closed loops.
Test time limit reached: 60.0s.
Test completed after 13375 closed loops.
Test time limit reached: 60.0s.
Test completed after 13337 closed loops.
Test time limit reached: 60.0s.
Test completed after 13319 closed loops.
Test time limit reached: 60.0s.
Test completed after 13345 closed loops.
Test time limit reached: 60.0s.
Test completed after 13373 closed loops.
Test time limit reached: 60.0s.
Test completed after 13314 closed loops.
Warning: PUT failed!
Status: ERROR_KVS
Error Code: ERROR_OUT_OF_SPACE
Warning: PUT failed!
Status: ERROR_KVS
Error Code: ERROR_OUT_OF_SPACE
[Test isAlive] for 127.0.0.1:43100
[ ... Completed in 0.011 seconds ]
Local Single node: Test Status: TEST_PASSED
Clients: 64
Total Requests (without replies): 1707033
Total Requests (including replies): 1707033
Successful Responses: 1707031
Timeout Responses: 0
Total Failed Responses: 2
% Success: 99.99988283764871
% Timeout: 0.0
% Failed: 1.1716235128436298E-4
Response Time (Successful requests):
[max] 107ms, [min] 0ms
[avg] 2.2164694138536443 ms, [stdev] 2.238642213545673ms
Throughput: 28446.283057541368 requests per second
Goodput: 28446.249729207284 requests per second
Retry Rate (Successful requests): 1.0
Sending WIPE-OUT to all servers...
[ ... Completed in 0.022 seconds ]
[OK]
Waiting for 5 seconds for the cache to be cleared!
[ ... TEST Completed in 66.277 seconds ]

[ TEST Single Client Capacity (Value Size = 500 bytes, Limit = 146800 PUTs, ~69.99969482421875 MiB) : PUT -> GET (closed loop) ]
Sending WIPE-OUT to all servers...
[ ... Completed in 0.008 seconds ]
[OK]
Waiting for 5 seconds for the cache to be cleared!
ERROR_OUT_OF_SPACE
Received error code after 91507 closed loops (~43.63393783569336 MiB).
PUTs sent = 91507(~43.63393783569336 MiB) , Limit = 146800
[Test isAlive]
Test Passed. Server is ok.
TEST_PASSED
[Info] Shutting down local server(s)!
[Test isAlive] for 127.0.0.1:43100
[ ... Completed in 9.204 seconds ]
[Info] Local tests completed in 265.14 seconds
[Info] Finished tests for the local deployment!
Testing memory usage 
Command information:
c5.xlarge 
 Xmx64m Xmx64m Xmx64m Xmx64m Xmx64m Xmx64m Xmx64m Xmx64m Xmx64m Xmx64m Xmx64m Xmx64m Xmx64m Xmx64m Xmx64m Xmx64m Xmx64m Xmx64m Xmx64m Xmx64m
>>> Server node 3.99.20.91:15555 has memory limit of 64M.
Command information:
c5.xlarge 
 Xmx64m Xmx64m Xmx64m Xmx64m Xmx64m Xmx64m Xmx64m Xmx64m Xmx64m Xmx64m Xmx64m Xmx64m Xmx64m Xmx64m Xmx64m Xmx64m Xmx64m Xmx64m Xmx64m Xmx64m
>>> Server node 3.99.20.91:15556 has memory limit of 64M.
Command information:
c5.xlarge 
 Xmx64m Xmx64m Xmx64m Xmx64m Xmx64m Xmx64m Xmx64m Xmx64m Xmx64m Xmx64m Xmx64m Xmx64m Xmx64m Xmx64m Xmx64m Xmx64m Xmx64m Xmx64m Xmx64m Xmx64m
>>> Server node 3.99.20.91:15557 has memory limit of 64M.
Command information:
c5.xlarge 
 Xmx64m Xmx64m Xmx64m Xmx64m Xmx64m Xmx64m Xmx64m Xmx64m Xmx64m Xmx64m Xmx64m Xmx64m Xmx64m Xmx64m Xmx64m Xmx64m Xmx64m Xmx64m Xmx64m Xmx64m
>>> Server node 3.99.20.91:15558 has memory limit of 64M.
Command information:
c5.xlarge 
 Xmx64m Xmx64m Xmx64m Xmx64m Xmx64m Xmx64m Xmx64m Xmx64m Xmx64m Xmx64m Xmx64m Xmx64m Xmx64m Xmx64m Xmx64m Xmx64m Xmx64m Xmx64m Xmx64m Xmx64m
>>> Server node 3.99.20.91:15559 has memory limit of 64M.
Command information:
c5.xlarge 
 Xmx64m Xmx64m Xmx64m Xmx64m Xmx64m Xmx64m Xmx64m Xmx64m Xmx64m Xmx64m Xmx64m Xmx64m Xmx64m Xmx64m Xmx64m Xmx64m Xmx64m Xmx64m Xmx64m Xmx64m
>>> Server node 3.99.20.91:15560 has memory limit of 64M.
Command information:
c5.xlarge 
 Xmx64m Xmx64m Xmx64m Xmx64m Xmx64m Xmx64m Xmx64m Xmx64m Xmx64m Xmx64m Xmx64m Xmx64m Xmx64m Xmx64m Xmx64m Xmx64m Xmx64m Xmx64m Xmx64m Xmx64m
>>> Server node 3.99.20.91:15561 has memory limit of 64M.
Command information:
c5.xlarge 
 Xmx64m Xmx64m Xmx64m Xmx64m Xmx64m Xmx64m Xmx64m Xmx64m Xmx64m Xmx64m Xmx64m Xmx64m Xmx64m Xmx64m Xmx64m Xmx64m Xmx64m Xmx64m Xmx64m Xmx64m
>>> Server node 3.99.20.91:15562 has memory limit of 64M.
Command information:
c5.xlarge 
 Xmx64m Xmx64m Xmx64m Xmx64m Xmx64m Xmx64m Xmx64m Xmx64m Xmx64m Xmx64m Xmx64m Xmx64m Xmx64m Xmx64m Xmx64m Xmx64m Xmx64m Xmx64m Xmx64m Xmx64m
>>> Server node 3.99.20.91:15563 has memory limit of 64M.
Command information:
c5.xlarge 
 Xmx64m Xmx64m Xmx64m Xmx64m Xmx64m Xmx64m Xmx64m Xmx64m Xmx64m Xmx64m Xmx64m Xmx64m Xmx64m Xmx64m Xmx64m Xmx64m Xmx64m Xmx64m Xmx64m Xmx64m
>>> Server node 3.99.20.91:15564 has memory limit of 64M.
Command information:
c5.xlarge 
 Xmx64m Xmx64m Xmx64m Xmx64m Xmx64m Xmx64m Xmx64m Xmx64m Xmx64m Xmx64m Xmx64m Xmx64m Xmx64m Xmx64m Xmx64m Xmx64m Xmx64m Xmx64m Xmx64m Xmx64m
>>> Server node 3.99.20.91:15565 has memory limit of 64M.
Command information:
c5.xlarge 
 Xmx64m Xmx64m Xmx64m Xmx64m Xmx64m Xmx64m Xmx64m Xmx64m Xmx64m Xmx64m Xmx64m Xmx64m Xmx64m Xmx64m Xmx64m Xmx64m Xmx64m Xmx64m Xmx64m Xmx64m
>>> Server node 3.99.20.91:15566 has memory limit of 64M.
Command information:
c5.xlarge 
 Xmx64m Xmx64m Xmx64m Xmx64m Xmx64m Xmx64m Xmx64m Xmx64m Xmx64m Xmx64m Xmx64m Xmx64m Xmx64m Xmx64m Xmx64m Xmx64m Xmx64m Xmx64m Xmx64m Xmx64m
>>> Server node 3.99.20.91:15567 has memory limit of 64M.
Command information:
c5.xlarge 
 Xmx64m Xmx64m Xmx64m Xmx64m Xmx64m Xmx64m Xmx64m Xmx64m Xmx64m Xmx64m Xmx64m Xmx64m Xmx64m Xmx64m Xmx64m Xmx64m Xmx64m Xmx64m Xmx64m Xmx64m
>>> Server node 3.99.20.91:15568 has memory limit of 64M.
Command information:
c5.xlarge 
 Xmx64m Xmx64m Xmx64m Xmx64m Xmx64m Xmx64m Xmx64m Xmx64m Xmx64m Xmx64m Xmx64m Xmx64m Xmx64m Xmx64m Xmx64m Xmx64m Xmx64m Xmx64m Xmx64m Xmx64m
>>> Server node 3.99.20.91:15569 has memory limit of 64M.
Command information:
c5.xlarge 
 Xmx64m Xmx64m Xmx64m Xmx64m Xmx64m Xmx64m Xmx64m Xmx64m Xmx64m Xmx64m Xmx64m Xmx64m Xmx64m Xmx64m Xmx64m Xmx64m Xmx64m Xmx64m Xmx64m Xmx64m
>>> Server node 3.99.20.91:15570 has memory limit of 64M.
Command information:
c5.xlarge 
 Xmx64m Xmx64m Xmx64m Xmx64m Xmx64m Xmx64m Xmx64m Xmx64m Xmx64m Xmx64m Xmx64m Xmx64m Xmx64m Xmx64m Xmx64m Xmx64m Xmx64m Xmx64m Xmx64m Xmx64m
>>> Server node 3.99.20.91:15571 has memory limit of 64M.
Command information:
c5.xlarge 
 Xmx64m Xmx64m Xmx64m Xmx64m Xmx64m Xmx64m Xmx64m Xmx64m Xmx64m Xmx64m Xmx64m Xmx64m Xmx64m Xmx64m Xmx64m Xmx64m Xmx64m Xmx64m Xmx64m Xmx64m
>>> Server node 3.99.20.91:15572 has memory limit of 64M.
Command information:
c5.xlarge 
 Xmx64m Xmx64m Xmx64m Xmx64m Xmx64m Xmx64m Xmx64m Xmx64m Xmx64m Xmx64m Xmx64m Xmx64m Xmx64m Xmx64m Xmx64m Xmx64m Xmx64m Xmx64m Xmx64m Xmx64m
>>> Server node 3.99.20.91:15573 has memory limit of 64M.
Command information:
c5.xlarge 
 Xmx64m Xmx64m Xmx64m Xmx64m Xmx64m Xmx64m Xmx64m Xmx64m Xmx64m Xmx64m Xmx64m Xmx64m Xmx64m Xmx64m Xmx64m Xmx64m Xmx64m Xmx64m Xmx64m Xmx64m
>>> Server node 3.99.20.91:15574 has memory limit of 64M.
[ ... Completed in 66.041 seconds ]
[OK]

Sending WIPE-OUT to all servers...
[ ... Completed in 0.29 seconds ]
[OK]
Waiting for 5 seconds for the cache to be cleared!
[Test isAlive] for 3.99.20.91:15555

[ TEST Basic PUT/GET (PUT -> GET). Value Length = 8 Bytes ]
TEST_PASSED

[ TEST Basic PUT/GET (PUT -> GET). Value Length = 32 Bytes ]
TEST_PASSED

[ TEST Basic PUT/GET (PUT -> GET). Value Length = 512 Bytes ]
TEST_PASSED

[ TEST Basic PUT/GET (PUT -> GET). Value Length = 1024 Bytes ]
TEST_PASSED
Sending WIPE-OUT to all servers...
[ ... Completed in 0.235 seconds ]
[OK]
Waiting for 5 seconds for the cache to be cleared!


[ TEST Basic KVS with message version (PUT Version 1 -> GET -> PUT Version 2 -> GET). Value Length = 8 Bytes ]
TEST_PASSED


[ TEST Basic KVS with message version (PUT Version 1 -> GET -> PUT Version 2 -> GET). Value Length = 32 Bytes ]
TEST_PASSED


[ TEST Basic KVS with message version (PUT Version 1 -> GET -> PUT Version 2 -> GET). Value Length = 512 Bytes ]
TEST_PASSED


[ TEST Basic KVS with message version (PUT Version 1 -> GET -> PUT Version 2 -> GET). Value Length = 1024 Bytes ]
TEST_PASSED
Sending WIPE-OUT to all servers...
[ ... Completed in 0.136 seconds ]
[OK]
Waiting for 5 seconds for the cache to be cleared!

[ TEST Basic REMOVE (PUT -> GET -> REM -> GET). Value Length = 32 Bytes. ]
TEST_PASSED
Sending WIPE-OUT to all servers...
[ ... Completed in 0.145 seconds ]
[OK]
Waiting for 5 seconds for the cache to be cleared!

[ TEST Double remove (PUT -> REM -> REM). Value Length = 32 Bytes. ]
TEST_PASSED
Sending WIPE-OUT to all servers...
[ ... Completed in 0.12 seconds ]
[OK]
Waiting for 5 seconds for the cache to be cleared!

[ TEST Invalid Command. ]
TEST_PASSED
Sending WIPE-OUT to all servers...
[ ... Completed in 0.134 seconds ]
[OK]
Waiting for 5 seconds for the cache to be cleared!

[ TEST At-Most-Once Client Policy (PUT -> REM -> REM). Value length =  32 Bytes ]
TEST_PASSED
Sending WIPE-OUT to all servers...
[ ... Completed in 0.119 seconds ]
[OK]
Waiting for 5 seconds for the cache to be cleared!

[ TEST At-Most-Once Client Policy Empty REMs (EMPTY -> REM -> REM) ]
TEST_PASSED
Sending WIPE-OUT to all servers...
[ ... Completed in 0.124 seconds ]
[OK]
Waiting for 5 seconds for the cache to be cleared!

[ TEST At-Most-Once Client Policy (PUT -> REM -> many PUT -> REM). Value length =  32 Bytes ]
Pausing for 10 seconds to wait for the cache to be cleared!
TEST_PASSED

[ TEST At-Most-Once Client Policy Error Return Code (REM -> PUT -> REM) ]
TEST_PASSED
Sending WIPE-OUT to all servers...
[ ... Completed in 0.118 seconds ]
[OK]
Waiting for 5 seconds for the cache to be cleared!

[ TEST At-Most-Once Client Policy For PUTs (PUT1 -> PUT2 -> PUT1 -> GET2) ]
TEST_PASSED
Sending WIPE-OUT to all servers...
[ ... Completed in 0.107 seconds ]
[OK]
Waiting for 5 seconds for the cache to be cleared!

[TEST Invalid Key ]
TEST_PASSED
Sending WIPE-OUT to all servers...
[ ... Completed in 0.125 seconds ]
[OK]
Waiting for 5 seconds for the cache to be cleared!

[TEST Invalid Value ]
TEST_PASSED
Sending WIPE-OUT to all servers...
[ ... Completed in 0.128 seconds ]
[OK]
Waiting for 5 seconds for the cache to be cleared!

[ TEST Single Front-End Performance (1 clients, 60.0 seconds): PUT -> GET (closed loop) ]
[Test isAlive] for 3.99.20.91:15555
[ ... Completed in 0.024 seconds ]
Stage 1 Single Front-End: Test Status: TEST_PASSED
Clients: 1
Total Requests (without replies): 1128
Total Requests (including replies): 1885
Successful Responses: 1128
Timeout Responses: 0
Total Failed Responses: 0
% Success: 100.0
% Timeout: 0.0
% Failed: 0.0
Response Time (Successful requests):
[max] 135ms, [min] 5ms
[avg] 53.226063829787236 ms, [stdev] 22.655674099521455ms
Throughput: 18.780593386833605 requests per second
Goodput: 18.780593386833605 requests per second
Retry Rate (Successful requests): 1.6710992907801419
Sending WIPE-OUT to all servers...
[ ... Completed in 0.144 seconds ]
[OK]
Waiting for 5 seconds for the cache to be cleared!
[ ... TEST Completed in 65.236 seconds ]
[Info] Pausing for 6 seconds to wait for the cache to be cleared!

[ TEST Single Front-End Performance (2 clients, 60.0 seconds): PUT -> GET (closed loop) ]
[Test isAlive] for 3.99.20.91:15555
[ ... Completed in 0.037 seconds ]
Stage 1 Single Front-End: Test Status: TEST_PASSED
Clients: 2
Total Requests (without replies): 2163
Total Requests (including replies): 3709
Successful Responses: 2163
Timeout Responses: 0
Total Failed Responses: 0
% Success: 100.0
% Timeout: 0.0
% Failed: 0.0
Response Time (Successful requests):
[max] 183ms, [min] 5ms
[avg] 55.465557096625055 ms, [stdev] 23.788054982958528ms
Throughput: 36.042190858647295 requests per second
Goodput: 36.042190858647295 requests per second
Retry Rate (Successful requests): 1.7147480351363846
Sending WIPE-OUT to all servers...
[ ... Completed in 0.127 seconds ]
[OK]
Waiting for 5 seconds for the cache to be cleared!
[ ... TEST Completed in 65.183 seconds ]
[Info] Pausing for 6 seconds to wait for the cache to be cleared!

[ TEST Single Front-End Performance (8 clients, 60.0 seconds): PUT -> GET (closed loop) ]
[Test isAlive] for 3.99.20.91:15555
[ ... Completed in 0.013 seconds ]
Stage 1 Single Front-End: Test Status: TEST_PASSED
Clients: 8
Total Requests (without replies): 9137
Total Requests (including replies): 15274
Successful Responses: 9137
Timeout Responses: 0
Total Failed Responses: 0
% Success: 100.0
% Timeout: 0.0
% Failed: 0.0
Response Time (Successful requests):
[max] 331ms, [min] 5ms
[avg] 52.528072671555215 ms, [stdev] 22.54074187455233ms
Throughput: 152.22498042417072 requests per second
Goodput: 152.22498042417072 requests per second
Retry Rate (Successful requests): 1.6716646601729233
Sending WIPE-OUT to all servers...
[ ... Completed in 0.114 seconds ]
[OK]
Waiting for 5 seconds for the cache to be cleared!
[ ... TEST Completed in 65.157 seconds ]
[Info] Pausing for 6 seconds to wait for the cache to be cleared!

[ TEST Single Front-End Performance (32 clients, 60.0 seconds): PUT -> GET (closed loop) ]
[Test isAlive] for 3.99.20.91:15555
[ ... Completed in 0.024 seconds ]
Stage 1 Single Front-End: Test Status: TEST_PASSED
Clients: 32
Total Requests (without replies): 33724
Total Requests (including replies): 58998
Successful Responses: 33724
Timeout Responses: 0
Total Failed Responses: 0
% Success: 100.0
% Timeout: 0.0
% Failed: 0.0
Response Time (Successful requests):
[max] 359ms, [min] 5ms
[avg] 56.95077689479302 ms, [stdev] 24.373235904245657ms
Throughput: 560.8328344309186 requests per second
Goodput: 560.8328344309186 requests per second
Retry Rate (Successful requests): 1.7494366030126913
Sending WIPE-OUT to all servers...
[ ... Completed in 0.118 seconds ]
[OK]
Waiting for 5 seconds for the cache to be cleared!
[ ... TEST Completed in 65.287 seconds ]
[Info] Pausing for 6 seconds to wait for the cache to be cleared!

[ TEST Single Front-End Performance (128 clients, 60.0 seconds): PUT -> GET (closed loop) ]
[Test isAlive] for 3.99.20.91:15555
[ ... Completed in 0.009 seconds ]
Stage 1 Single Front-End: Test Status: TEST_PASSED
Clients: 128
Total Requests (without replies): 137341
Total Requests (including replies): 237990
Successful Responses: 137341
Timeout Responses: 0
Total Failed Responses: 0
% Success: 100.0
% Timeout: 0.0
% Failed: 0.0
Response Time (Successful requests):
[max] 640ms, [min] 5ms
[avg] 55.91371112777685 ms, [stdev] 26.159491670386053ms
Throughput: 2285.6263209572467 requests per second
Goodput: 2285.6263209572467 requests per second
Retry Rate (Successful requests): 1.7328401569815277
Sending WIPE-OUT to all servers...
[ ... Completed in 0.129 seconds ]
[OK]
Waiting for 5 seconds for the cache to be cleared!
[ ... TEST Completed in 65.27 seconds ]
[Info] Pausing for 6 seconds to wait for the cache to be cleared!

[ TEST Multi Client Crash: PUT -> GET (closed loop) + REM -> WIPEOUT (closed loop) ]
[Test isAlive]
Test Passed. Server is ok.
TEST_PASSED
Sending WIPE-OUT to all servers...
[ ... Completed in 0.133 seconds ]
[OK]
Waiting for 5 seconds for the cache to be cleared!
[ ... TEST Completed in 87.59 seconds ]

[ TEST Random Front-End Basic (PUT -> GET -> REM -> REM -> GET). Value Length = 8 Bytes ]
TEST_PASSED

[ TEST Random Front-End Basic (PUT -> GET -> REM -> REM -> GET). Value Length = 32 Bytes ]
TEST_PASSED

[ TEST Random Front-End Basic (PUT -> GET -> REM -> REM -> GET). Value Length = 512 Bytes ]
TEST_PASSED

[ TEST Random Front-End Basic (PUT -> GET -> REM -> REM -> GET). Value Length = 1024 Bytes ]
TEST_PASSED
[ ... TEST Completed in 1.16 seconds ]
Sending WIPE-OUT to all servers...
[ ... Completed in 0.117 seconds ]
[OK]
Waiting for 5 seconds for the cache to be cleared!
[Info] Pausing for 6 seconds to wait for the cache to be cleared!

[ TEST Random Front-End Performance (1 clients, 60.0 seconds): PUT -> GET (closed loop) ]
[Test isAlive] for 3.99.20.91:15555
[Test isAlive] for 3.99.20.91:15556
[Test isAlive] for 3.99.20.91:15557
[Test isAlive] for 3.99.20.91:15559
[Test isAlive] for 3.99.20.91:15560
[Test isAlive] for 3.99.20.91:15558
[Test isAlive] for 3.99.20.91:15561
[Test isAlive] for 3.99.20.91:15563
[Test isAlive] for 3.99.20.91:15566
[Test isAlive] for 3.99.20.91:15562
[Test isAlive] for 3.99.20.91:15564
[Test isAlive] for 3.99.20.91:15565
[Test isAlive] for 3.99.20.91:15567
[Test isAlive] for 3.99.20.91:15569
[Test isAlive] for 3.99.20.91:15570
[Test isAlive] for 3.99.20.91:15568
[Test isAlive] for 3.99.20.91:15571
[Test isAlive] for 3.99.20.91:15572
[Test isAlive] for 3.99.20.91:15573
[Test isAlive] for 3.99.20.91:15574
[ ... Completed in 0.063 seconds ]
TEST_PASSED
Stage 1 Random Front-End Performance: Test Status: TEST_PASSED
Clients: 1
Total Requests (without replies): 1039
Total Requests (including replies): 1819
Successful Responses: 1039
Timeout Responses: 0
Total Failed Responses: 0
% Success: 100.0
% Timeout: 0.0
% Failed: 0.0
Response Time (Successful requests):
[max] 202ms, [min] 5ms
[avg] 57.82386910490857 ms, [stdev] 25.07691283453901ms
Throughput: 17.289004259850905 requests per second
Goodput: 17.289004259850905 requests per second
Retry Rate (Successful requests): 1.7507218479307025
Sending WIPE-OUT to all servers...
[ ... Completed in 0.132 seconds ]
[OK]
Waiting for 5 seconds for the cache to be cleared!
[ ... TEST Completed in 65.291 seconds ]
[Info] Pausing for 6 seconds to wait for the cache to be cleared!

[ TEST Random Front-End Performance (2 clients, 60.0 seconds): PUT -> GET (closed loop) ]
[Test isAlive] for 3.99.20.91:15555
[Test isAlive] for 3.99.20.91:15556
[Test isAlive] for 3.99.20.91:15557
[Test isAlive] for 3.99.20.91:15558
[Test isAlive] for 3.99.20.91:15560
[Test isAlive] for 3.99.20.91:15559
[Test isAlive] for 3.99.20.91:15561
[Test isAlive] for 3.99.20.91:15562
[Test isAlive] for 3.99.20.91:15563
[Test isAlive] for 3.99.20.91:15564
[Test isAlive] for 3.99.20.91:15565
[Test isAlive] for 3.99.20.91:15566
[Test isAlive] for 3.99.20.91:15567
[Test isAlive] for 3.99.20.91:15568
[Test isAlive] for 3.99.20.91:15569
[Test isAlive] for 3.99.20.91:15570
[Test isAlive] for 3.99.20.91:15571
[Test isAlive] for 3.99.20.91:15572
[Test isAlive] for 3.99.20.91:15573
[Test isAlive] for 3.99.20.91:15574
[ ... Completed in 0.076 seconds ]
TEST_PASSED
Stage 1 Random Front-End Performance: Test Status: TEST_PASSED
Clients: 2
Total Requests (without replies): 2145
Total Requests (including replies): 3700
Successful Responses: 2145
Timeout Responses: 0
Total Failed Responses: 0
% Success: 100.0
% Timeout: 0.0
% Failed: 0.0
Response Time (Successful requests):
[max] 337ms, [min] 5ms
[avg] 55.95757575757576 ms, [stdev] 24.93365686121269ms
Throughput: 35.72201775276034 requests per second
Goodput: 35.72201775276034 requests per second
Retry Rate (Successful requests): 1.724941724941725
Sending WIPE-OUT to all servers...
[ ... Completed in 0.171 seconds ]
[OK]
Waiting for 5 seconds for the cache to be cleared!
[ ... TEST Completed in 65.296 seconds ]
[Info] Pausing for 6 seconds to wait for the cache to be cleared!

[ TEST Random Front-End Performance (8 clients, 60.0 seconds): PUT -> GET (closed loop) ]
[Test isAlive] for 3.99.20.91:15555
[Test isAlive] for 3.99.20.91:15557
[Test isAlive] for 3.99.20.91:15556
[Test isAlive] for 3.99.20.91:15558
[Test isAlive] for 3.99.20.91:15559
[Test isAlive] for 3.99.20.91:15560
[Test isAlive] for 3.99.20.91:15561
[Test isAlive] for 3.99.20.91:15562
[Test isAlive] for 3.99.20.91:15563
[Test isAlive] for 3.99.20.91:15564
[Test isAlive] for 3.99.20.91:15565
[Test isAlive] for 3.99.20.91:15566
[Test isAlive] for 3.99.20.91:15567
[Test isAlive] for 3.99.20.91:15568
[Test isAlive] for 3.99.20.91:15569
[Test isAlive] for 3.99.20.91:15570
[Test isAlive] for 3.99.20.91:15571
[Test isAlive] for 3.99.20.91:15572
[Test isAlive] for 3.99.20.91:15573
[Test isAlive] for 3.99.20.91:15574
[ ... Completed in 0.058 seconds ]
TEST_PASSED
Stage 1 Random Front-End Performance: Test Status: TEST_PASSED
Clients: 8
Total Requests (without replies): 9043
Total Requests (including replies): 15279
Successful Responses: 9043
Timeout Responses: 0
Total Failed Responses: 0
% Success: 100.0
% Timeout: 0.0
% Failed: 0.0
Response Time (Successful requests):
[max] 336ms, [min] 5ms
[avg] 53.100962070109475 ms, [stdev] 22.758143107441075ms
Throughput: 150.43835570860574 requests per second
Goodput: 150.43835570860574 requests per second
Retry Rate (Successful requests): 1.6895941612296803
Sending WIPE-OUT to all servers...
[ ... Completed in 0.117 seconds ]
[OK]
Waiting for 5 seconds for the cache to be cleared!
[ ... TEST Completed in 65.29 seconds ]
[Info] Pausing for 6 seconds to wait for the cache to be cleared!

[ TEST Random Front-End Performance (32 clients, 60.0 seconds): PUT -> GET (closed loop) ]
[Test isAlive] for 3.99.20.91:15555
[Test isAlive] for 3.99.20.91:15556
[Test isAlive] for 3.99.20.91:15557
[Test isAlive] for 3.99.20.91:15559
[Test isAlive] for 3.99.20.91:15558
[Test isAlive] for 3.99.20.91:15562
[Test isAlive] for 3.99.20.91:15563
[Test isAlive] for 3.99.20.91:15564
[Test isAlive] for 3.99.20.91:15561
[Test isAlive] for 3.99.20.91:15566
[Test isAlive] for 3.99.20.91:15565
[Test isAlive] for 3.99.20.91:15560
[Test isAlive] for 3.99.20.91:15568
[Test isAlive] for 3.99.20.91:15571
[Test isAlive] for 3.99.20.91:15569
[Test isAlive] for 3.99.20.91:15572
[Test isAlive] for 3.99.20.91:15567
[Test isAlive] for 3.99.20.91:15573
[Test isAlive] for 3.99.20.91:15570
[Test isAlive] for 3.99.20.91:15574
[ ... Completed in 0.055 seconds ]
TEST_PASSED
[ CPU load (loadavg, last one minute) 0.05 ]
Stage 1 Random Front-End Performance: Test Status: TEST_PASSED
Clients: 32
Total Requests (without replies): 35286
Total Requests (including replies): 61039
Successful Responses: 35286
Timeout Responses: 0
Total Failed Responses: 0
% Success: 100.0
% Timeout: 0.0
% Failed: 0.0
Response Time (Successful requests):
[max] 420ms, [min] 5ms
[avg] 54.421300232386784 ms, [stdev] 22.97344683543979ms
Throughput: 587.3560157134297 requests per second
Goodput: 587.3560157134297 requests per second
Retry Rate (Successful requests): 1.7298361956583348
Sending WIPE-OUT to all servers...
[ ... Completed in 0.176 seconds ]
[OK]
Waiting for 5 seconds for the cache to be cleared!
[ ... TEST Completed in 65.333 seconds ]
[Info] Pausing for 6 seconds to wait for the cache to be cleared!

[ TEST Random Front-End Performance (128 clients, 60.0 seconds): PUT -> GET (closed loop) ]
[Test isAlive] for 3.99.20.91:15555
[Test isAlive] for 3.99.20.91:15556
[Test isAlive] for 3.99.20.91:15557
[Test isAlive] for 3.99.20.91:15559
[Test isAlive] for 3.99.20.91:15561
[Test isAlive] for 3.99.20.91:15560
[Test isAlive] for 3.99.20.91:15558
[Test isAlive] for 3.99.20.91:15562
[Test isAlive] for 3.99.20.91:15563
[Test isAlive] for 3.99.20.91:15564
[Test isAlive] for 3.99.20.91:15565
[Test isAlive] for 3.99.20.91:15566
[Test isAlive] for 3.99.20.91:15567
[Test isAlive] for 3.99.20.91:15568
[Test isAlive] for 3.99.20.91:15569
[Test isAlive] for 3.99.20.91:15570
[Test isAlive] for 3.99.20.91:15571
[Test isAlive] for 3.99.20.91:15572
[Test isAlive] for 3.99.20.91:15573
[Test isAlive] for 3.99.20.91:15574
[ ... Completed in 0.071 seconds ]
TEST_PASSED
[ CPU load (loadavg, last one minute) 2.28 ]
Stage 1 Random Front-End Performance: Test Status: TEST_PASSED
Clients: 128
Total Requests (without replies): 148807
Total Requests (including replies): 252704
Successful Responses: 148807
Timeout Responses: 0
Total Failed Responses: 0
% Success: 100.0
% Timeout: 0.0
% Failed: 0.0
Response Time (Successful requests):
[max] 598ms, [min] 5ms
[avg] 51.56954981956494 ms, [stdev] 20.388481771093282ms
Throughput: 2475.2486776007186 requests per second
Goodput: 2475.2486776007186 requests per second
Retry Rate (Successful requests): 1.6981996814665976
Sending WIPE-OUT to all servers...
[ ... Completed in 0.162 seconds ]
[OK]
Waiting for 5 seconds for the cache to be cleared!
[ ... TEST Completed in 65.4 seconds ]
[Info] Pausing for 6 seconds to wait for the cache to be cleared!
Sending GET PID to all servers... 
>>> Server node 3.99.20.9115555 has process ID 5589.
>>> Server node 3.99.20.9115556 has process ID 5590.
>>> Server node 3.99.20.9115557 has process ID 5591.
>>> Server node 3.99.20.9115558 has process ID 5592.
>>> Server node 3.99.20.9115559 has process ID 5593.
>>> Server node 3.99.20.9115560 has process ID 5594.
>>> Server node 3.99.20.9115561 has process ID 5595.
>>> Server node 3.99.20.9115562 has process ID 5596.
>>> Server node 3.99.20.9115563 has process ID 5597.
>>> Server node 3.99.20.9115564 has process ID 5598.
>>> Server node 3.99.20.9115565 has process ID 5599.
>>> Server node 3.99.20.9115566 has process ID 5600.
>>> Server node 3.99.20.9115567 has process ID 5602.
>>> Server node 3.99.20.9115568 has process ID 5604.
>>> Server node 3.99.20.9115569 has process ID 5606.
>>> Server node 3.99.20.9115570 has process ID 5607.
>>> Server node 3.99.20.9115571 has process ID 5608.
>>> Server node 3.99.20.9115572 has process ID 5609.
>>> Server node 3.99.20.9115573 has process ID 5610.
>>> Server node 3.99.20.9115574 has process ID 5611.
[ ... Completed in 63.916 seconds ]
[OK]

[ TEST Concurrent Store/Load (Clients = 10, Value Size = 1000 bytes, Limit = 2000 PUTs, ~1.91 MiB) ]
Issuing puts... 
[DONE in 11.191s]
Confirming... 
[DONE in 10.838s]
TEST_PASSED
[Info] To shutdown - 3 nodes.

[ TEST Crash; Key Recovery ]
[Test isAlive] for 3.99.20.91:15566
[Test isAlive] for 3.99.20.91:15557
[Test isAlive] for 3.99.20.91:15567
[ ... Completed in 0.047 seconds ]
[Test isAlive] for 3.99.20.91:15555
[Test isAlive] for 3.99.20.91:15560
[Test isAlive] for 3.99.20.91:15563
[Test isAlive] for 3.99.20.91:15562
[Test isAlive] for 3.99.20.91:15570
[Test isAlive] for 3.99.20.91:15573
[Test isAlive] for 3.99.20.91:15569
[Test isAlive] for 3.99.20.91:15559
[Test isAlive] for 3.99.20.91:15561
[Test isAlive] for 3.99.20.91:15574
[Test isAlive] for 3.99.20.91:15556
[Test isAlive] for 3.99.20.91:15558
[Test isAlive] for 3.99.20.91:15565
[Test isAlive] for 3.99.20.91:15564
[Test isAlive] for 3.99.20.91:15571
[Test isAlive] for 3.99.20.91:15568
[Test isAlive] for 3.99.20.91:15572
[ ... Completed in 0.081 seconds ]
Determining if storage was successful... 
[DONE in 11.898s]
Sending SHUTDOWN to 3 servers.
[ ... Completed in 0.921 seconds ]
[Test isAlive] for 3.99.20.91:15566
[Test isAlive] for 3.99.20.91:15557
[Test isAlive] for 3.99.20.91:15567
[ ... Completed in 9.204 seconds ]
[Test isAlive] for 3.99.20.91:15555
[Test isAlive] for 3.99.20.91:15563
[Test isAlive] for 3.99.20.91:15560
[Test isAlive] for 3.99.20.91:15570
[Test isAlive] for 3.99.20.91:15573
[Test isAlive] for 3.99.20.91:15562
[Test isAlive] for 3.99.20.91:15569
[Test isAlive] for 3.99.20.91:15559
[Test isAlive] for 3.99.20.91:15561
[Test isAlive] for 3.99.20.91:15572
[Test isAlive] for 3.99.20.91:15574
[Test isAlive] for 3.99.20.91:15558
[Test isAlive] for 3.99.20.91:15556
[Test isAlive] for 3.99.20.91:15565
[Test isAlive] for 3.99.20.91:15564
[Test isAlive] for 3.99.20.91:15568
[Test isAlive] for 3.99.20.91:15571
[ ... Completed in 0.058 seconds ]
Attempting retrieval of keys... 
[DONE in 21.438s]
[Test isAlive] for 3.99.20.91:15566
[Test isAlive] for 3.99.20.91:15557
[Test isAlive] for 3.99.20.91:15567
[ ... Completed in 9.203 seconds ]
[Test isAlive] for 3.99.20.91:15555
[Test isAlive] for 3.99.20.91:15560
[Test isAlive] for 3.99.20.91:15563
[Test isAlive] for 3.99.20.91:15562
[Test isAlive] for 3.99.20.91:15570
[Test isAlive] for 3.99.20.91:15573
[Test isAlive] for 3.99.20.91:15569
[Test isAlive] for 3.99.20.91:15559
[Test isAlive] for 3.99.20.91:15561
[Test isAlive] for 3.99.20.91:15572
[Test isAlive] for 3.99.20.91:15574
[Test isAlive] for 3.99.20.91:15558
[Test isAlive] for 3.99.20.91:15556
[Test isAlive] for 3.99.20.91:15565
[Test isAlive] for 3.99.20.91:15564
[Test isAlive] for 3.99.20.91:15571
[Test isAlive] for 3.99.20.91:15568
[ ... Completed in 0.048 seconds ]
Of 2000 usable puts:
Failed: 160 Timed out: 123 Invalid value: 0
Expecting 15.0% keys to fail. Actual failed: 14.15%
TEST_PASSED
Sending WIPE-OUT to all servers...
[ ... Completed in 0.124 seconds ]
[OK]
Waiting for 5 seconds for the cache to be cleared!
[ ... TEST Completed in 58.023 seconds ]
Pausing for 6 seconds to wait for the cache to be cleared!

[ TEST Random Front-End Basic (PUT -> GET -> REM -> REM -> GET). Value Length = 8 Bytes ]
TEST_PASSED

[ TEST Random Front-End Basic (PUT -> GET -> REM -> REM -> GET). Value Length = 32 Bytes ]
TEST_PASSED

[ TEST Random Front-End Basic (PUT -> GET -> REM -> REM -> GET). Value Length = 512 Bytes ]
TEST_PASSED

[ TEST Random Front-End Basic (PUT -> GET -> REM -> REM -> GET). Value Length = 1024 Bytes ]
TEST_PASSED
[ ... TEST Completed in 1.048 seconds ]
Sending WIPE-OUT to all servers...
[ ... Completed in 0.137 seconds ]
[OK]
Waiting for 5 seconds for the cache to be cleared!

[ TEST Single Front-End Performance (1 clients, 60.0 seconds): PUT -> GET (closed loop) ]
[Test isAlive] for 3.99.20.91:15555
[ ... Completed in 0.019 seconds ]
Stage 2 Single Front-End: Test Status: TEST_PASSED
Clients: 1
Total Requests (without replies): 1244
Total Requests (including replies): 2002
Successful Responses: 1244
Timeout Responses: 0
Total Failed Responses: 0
% Success: 100.0
% Timeout: 0.0
% Failed: 0.0
Response Time (Successful requests):
[max] 149ms, [min] 5ms
[avg] 48.2403536977492 ms, [stdev] 20.61371749760431ms
Throughput: 20.72538860103627 requests per second
Goodput: 20.72538860103627 requests per second
Retry Rate (Successful requests): 1.6093247588424437
Sending WIPE-OUT to all servers...
[ ... Completed in 0.137 seconds ]
[OK]
Waiting for 5 seconds for the cache to be cleared!
[ ... TEST Completed in 65.179 seconds ]
[Info] Pausing for 6 seconds to wait for the cache to be cleared!

[ TEST Single Front-End Performance (2 clients, 60.0 seconds): PUT -> GET (closed loop) ]
[Test isAlive] for 3.99.20.91:15555
[ ... Completed in 0.052 seconds ]
Stage 2 Single Front-End: Test Status: TEST_PASSED
Clients: 2
Total Requests (without replies): 2461
Total Requests (including replies): 3944
Successful Responses: 2461
Timeout Responses: 0
Total Failed Responses: 0
% Success: 100.0
% Timeout: 0.0
% Failed: 0.0
Response Time (Successful requests):
[max] 184ms, [min] 5ms
[avg] 48.7119057293783 ms, [stdev] 20.388852325015748ms
Throughput: 40.999583506872135 requests per second
Goodput: 40.999583506872135 requests per second
Retry Rate (Successful requests): 1.6026005688744414
Sending WIPE-OUT to all servers...
[ ... Completed in 0.106 seconds ]
[OK]
Waiting for 5 seconds for the cache to be cleared!
[ ... TEST Completed in 65.185 seconds ]
[Info] Pausing for 6 seconds to wait for the cache to be cleared!

[ TEST Single Front-End Performance (8 clients, 60.0 seconds): PUT -> GET (closed loop) ]
[Test isAlive] for 3.99.20.91:15555
[ ... Completed in 0.022 seconds ]
Stage 2 Single Front-End: Test Status: TEST_PASSED
Clients: 8
Total Requests (without replies): 9870
Total Requests (including replies): 15988
Successful Responses: 9870
Timeout Responses: 0
Total Failed Responses: 0
% Success: 100.0
% Timeout: 0.0
% Failed: 0.0
Response Time (Successful requests):
[max] 356ms, [min] 5ms
[avg] 48.633434650455925 ms, [stdev] 20.74408587869785ms
Throughput: 164.34934643243693 requests per second
Goodput: 164.34934643243693 requests per second
Retry Rate (Successful requests): 1.6198581560283687
Sending WIPE-OUT to all servers...
[ ... Completed in 0.131 seconds ]
[OK]
Waiting for 5 seconds for the cache to be cleared!
[ ... TEST Completed in 65.211 seconds ]
[Info] Pausing for 6 seconds to wait for the cache to be cleared!

[ TEST Single Front-End Performance (32 clients, 60.0 seconds): PUT -> GET (closed loop) ]
[Test isAlive] for 3.99.20.91:15555
[ ... Completed in 0.032 seconds ]
Stage 2 Single Front-End: Test Status: TEST_PASSED
Clients: 32
Total Requests (without replies): 39838
Total Requests (including replies): 63627
Successful Responses: 39838
Timeout Responses: 0
Total Failed Responses: 0
% Success: 100.0
% Timeout: 0.0
% Failed: 0.0
Response Time (Successful requests):
[max] 585ms, [min] 5ms
[avg] 48.209272553843064 ms, [stdev] 21.120012543409974ms
Throughput: 662.5091465442692 requests per second
Goodput: 662.5091465442692 requests per second
Retry Rate (Successful requests): 1.5971434308951253
Sending WIPE-OUT to all servers...
[ ... Completed in 0.107 seconds ]
[OK]
Waiting for 5 seconds for the cache to be cleared!
[ ... TEST Completed in 65.283 seconds ]
[Info] Pausing for 6 seconds to wait for the cache to be cleared!

[ TEST Single Front-End Performance (128 clients, 60.0 seconds): PUT -> GET (closed loop) ]
[Test isAlive] for 3.99.20.91:15555
[ ... Completed in 0.01 seconds ]
Stage 2 Single Front-End: Test Status: TEST_PASSED
Clients: 128
Total Requests (without replies): 161168
Total Requests (including replies): 254480
Successful Responses: 161167
Timeout Responses: 1
Total Failed Responses: 0
% Success: 99.99937952943512
% Timeout: 6.204705648764023E-4
% Failed: 0.0
Response Time (Successful requests):
[max] 353ms, [min] 5ms
[avg] 47.62254679928273 ms, [stdev] 21.113071393671476ms
Throughput: 2681.7531365436453 requests per second
Goodput: 2681.7364970548106 requests per second
Retry Rate (Successful requests): 1.5789734934974684
Sending WIPE-OUT to all servers...
[ ... Completed in 0.117 seconds ]
[OK]
Waiting for 5 seconds for the cache to be cleared!
[ ... TEST Completed in 65.284 seconds ]
[Info] Pausing for 6 seconds to wait for the cache to be cleared!

[ TEST Random Front-End Performance (1 clients, 60.0 seconds): PUT -> GET (closed loop) ]
[Test isAlive] for 3.99.20.91:15555
[Test isAlive] for 3.99.20.91:15560
[Test isAlive] for 3.99.20.91:15563
[Test isAlive] for 3.99.20.91:15562
[Test isAlive] for 3.99.20.91:15570
[Test isAlive] for 3.99.20.91:15573
[Test isAlive] for 3.99.20.91:15569
[Test isAlive] for 3.99.20.91:15559
[Test isAlive] for 3.99.20.91:15574
[Test isAlive] for 3.99.20.91:15561
[Test isAlive] for 3.99.20.91:15572
[Test isAlive] for 3.99.20.91:15558
[Test isAlive] for 3.99.20.91:15556
[Test isAlive] for 3.99.20.91:15565
[Test isAlive] for 3.99.20.91:15564
[Test isAlive] for 3.99.20.91:15568
[Test isAlive] for 3.99.20.91:15571
[ ... Completed in 0.052 seconds ]
TEST_PASSED
Stage 2 Random Front-End: Test Status: TEST_PASSED
Clients: 1
Total Requests (without replies): 1208
Total Requests (including replies): 1971
Successful Responses: 1208
Timeout Responses: 0
Total Failed Responses: 0
% Success: 100.0
% Timeout: 0.0
% Failed: 0.0
Response Time (Successful requests):
[max] 364ms, [min] 5ms
[avg] 49.61423841059602 ms, [stdev] 22.652833307785404ms
Throughput: 20.125283220045315 requests per second
Goodput: 20.125283220045315 requests per second
Retry Rate (Successful requests): 1.6316225165562914
Sending WIPE-OUT to all servers...
[ ... Completed in 0.111 seconds ]
[OK]
Waiting for 5 seconds for the cache to be cleared!
[ ... TEST Completed in 65.188 seconds ]
[Info] Pausing for 6 seconds to wait for the cache to be cleared!

[ TEST Random Front-End Performance (2 clients, 60.0 seconds): PUT -> GET (closed loop) ]
[Test isAlive] for 3.99.20.91:15555
[Test isAlive] for 3.99.20.91:15560
[Test isAlive] for 3.99.20.91:15563
[Test isAlive] for 3.99.20.91:15562
[Test isAlive] for 3.99.20.91:15570
[Test isAlive] for 3.99.20.91:15573
[Test isAlive] for 3.99.20.91:15569
[Test isAlive] for 3.99.20.91:15559
[Test isAlive] for 3.99.20.91:15561
[Test isAlive] for 3.99.20.91:15572
[Test isAlive] for 3.99.20.91:15574
[Test isAlive] for 3.99.20.91:15558
[Test isAlive] for 3.99.20.91:15556
[Test isAlive] for 3.99.20.91:15565
[Test isAlive] for 3.99.20.91:15568
[Test isAlive] for 3.99.20.91:15571
[Test isAlive] for 3.99.20.91:15564
[ ... Completed in 0.058 seconds ]
TEST_PASSED
Stage 2 Random Front-End: Test Status: TEST_PASSED
Clients: 2
Total Requests (without replies): 2381
Total Requests (including replies): 3905
Successful Responses: 2381
Timeout Responses: 0
Total Failed Responses: 0
% Success: 100.0
% Timeout: 0.0
% Failed: 0.0
Response Time (Successful requests):
[max] 188ms, [min] 5ms
[avg] 50.403611927761446 ms, [stdev] 21.721434523054935ms
Throughput: 39.66482308256147 requests per second
Goodput: 39.66482308256147 requests per second
Retry Rate (Successful requests): 1.640067198656027
Sending WIPE-OUT to all servers...
[ ... Completed in 0.116 seconds ]
[OK]
Waiting for 5 seconds for the cache to be cleared!
[ ... TEST Completed in 65.204 seconds ]
[Info] Pausing for 6 seconds to wait for the cache to be cleared!

[ TEST Random Front-End Performance (8 clients, 60.0 seconds): PUT -> GET (closed loop) ]
[Test isAlive] for 3.99.20.91:15555
[Test isAlive] for 3.99.20.91:15560
[Test isAlive] for 3.99.20.91:15563
[Test isAlive] for 3.99.20.91:15562
[Test isAlive] for 3.99.20.91:15570
[Test isAlive] for 3.99.20.91:15573
[Test isAlive] for 3.99.20.91:15569
[Test isAlive] for 3.99.20.91:15561
[Test isAlive] for 3.99.20.91:15559
[Test isAlive] for 3.99.20.91:15574
[Test isAlive] for 3.99.20.91:15572
[Test isAlive] for 3.99.20.91:15558
[Test isAlive] for 3.99.20.91:15556
[Test isAlive] for 3.99.20.91:15565
[Test isAlive] for 3.99.20.91:15564
[Test isAlive] for 3.99.20.91:15568
[Test isAlive] for 3.99.20.91:15571
[ ... Completed in 0.065 seconds ]
TEST_PASSED
Stage 2 Random Front-End: Test Status: TEST_PASSED
Clients: 8
Total Requests (without replies): 9574
Total Requests (including replies): 15614
Successful Responses: 9574
Timeout Responses: 0
Total Failed Responses: 0
% Success: 100.0
% Timeout: 0.0
% Failed: 0.0
Response Time (Successful requests):
[max] 342ms, [min] 5ms
[avg] 50.15928556507207 ms, [stdev] 21.912411074286002ms
Throughput: 159.36745734498544 requests per second
Goodput: 159.36745734498544 requests per second
Retry Rate (Successful requests): 1.6308752872362648
Sending WIPE-OUT to all servers...
[ ... Completed in 0.109 seconds ]
[OK]
Waiting for 5 seconds for the cache to be cleared!
[ ... TEST Completed in 65.255 seconds ]
[Info] Pausing for 6 seconds to wait for the cache to be cleared!

[ TEST Random Front-End Performance (32 clients, 60.0 seconds): PUT -> GET (closed loop) ]
[Test isAlive] for 3.99.20.91:15555
[Test isAlive] for 3.99.20.91:15560
[Test isAlive] for 3.99.20.91:15563
[Test isAlive] for 3.99.20.91:15562
[Test isAlive] for 3.99.20.91:15573
[Test isAlive] for 3.99.20.91:15570
[Test isAlive] for 3.99.20.91:15569
[Test isAlive] for 3.99.20.91:15561
[Test isAlive] for 3.99.20.91:15559
[Test isAlive] for 3.99.20.91:15572
[Test isAlive] for 3.99.20.91:15574
[Test isAlive] for 3.99.20.91:15558
[Test isAlive] for 3.99.20.91:15556
[Test isAlive] for 3.99.20.91:15565
[Test isAlive] for 3.99.20.91:15564
[Test isAlive] for 3.99.20.91:15568
[Test isAlive] for 3.99.20.91:15571
[ ... Completed in 0.059 seconds ]
TEST_PASSED
[ CPU load (loadavg, last one minute) 0.08 ]
Stage 2 Random Front-End: Test Status: TEST_PASSED
Clients: 32
Total Requests (without replies): 40734
Total Requests (including replies): 64258
Successful Responses: 40734
Timeout Responses: 0
Total Failed Responses: 0
% Success: 100.0
% Timeout: 0.0
% Failed: 0.0
Response Time (Successful requests):
[max] 335ms, [min] 5ms
[avg] 47.11361516178131 ms, [stdev] 20.01788258140545ms
Throughput: 678.154030566377 requests per second
Goodput: 678.154030566377 requests per second
Retry Rate (Successful requests): 1.577502823194383
Sending WIPE-OUT to all servers...
[ ... Completed in 0.112 seconds ]
[OK]
Waiting for 5 seconds for the cache to be cleared!
[ ... TEST Completed in 65.258 seconds ]
[Info] Pausing for 6 seconds to wait for the cache to be cleared!

[ TEST Random Front-End Performance (128 clients, 60.0 seconds): PUT -> GET (closed loop) ]
[Test isAlive] for 3.99.20.91:15555
[Test isAlive] for 3.99.20.91:15560
[Test isAlive] for 3.99.20.91:15570
[Test isAlive] for 3.99.20.91:15563
[Test isAlive] for 3.99.20.91:15569
[Test isAlive] for 3.99.20.91:15573
[Test isAlive] for 3.99.20.91:15559
[Test isAlive] for 3.99.20.91:15562
[Test isAlive] for 3.99.20.91:15561
[Test isAlive] for 3.99.20.91:15572
[Test isAlive] for 3.99.20.91:15574
[Test isAlive] for 3.99.20.91:15558
[Test isAlive] for 3.99.20.91:15556
[Test isAlive] for 3.99.20.91:15565
[Test isAlive] for 3.99.20.91:15568
[Test isAlive] for 3.99.20.91:15564
[Test isAlive] for 3.99.20.91:15571
[ ... Completed in 0.042 seconds ]
TEST_PASSED
[ CPU load (loadavg, last one minute) 2.41 ]
Stage 2 Random Front-End: Test Status: TEST_PASSED
Clients: 128
Total Requests (without replies): 169108
Total Requests (including replies): 255887
Successful Responses: 169108
Timeout Responses: 0
Total Failed Responses: 0
% Success: 100.0
% Timeout: 0.0
% Failed: 0.0
Response Time (Successful requests):
[max] 572ms, [min] 5ms
[avg] 45.40089173782435 ms, [stdev] 18.926220837537965ms
Throughput: 2813.028145585202 requests per second
Goodput: 2813.028145585202 requests per second
Retry Rate (Successful requests): 1.5131572722757054
Sending WIPE-OUT to all servers...
[ ... Completed in 0.127 seconds ]
[OK]
Waiting for 5 seconds for the cache to be cleared!
[ ... TEST Completed in 65.367 seconds ]
[Info] Pausing for 6 seconds to wait for the cache to be cleared!

[Test isAlive] for 3.99.20.91:15566
[Test isAlive] for 3.99.20.91:15557
[Test isAlive] for 3.99.20.91:15567
[ ... Completed in 9.204 seconds ]

Results Summary:
Client AWS Instance Type : c5.xlarge
Client Local Hostname : ip-172-31-44-200
Client Local IP : ip-172-31-44-200/172.31.44.200
Concurrent Store/Load (MiB) : 1.91
Concurrent Store/Load Test : 2.0
Local At-Most-Once Policy : 2.0
Local At-Most-Once Policy Empty REMs : 2.0
Local At-Most-Once Policy Error Return Code : 2.0
Local At-Most-Once Policy Full Test : 2.0
Local Basic PUT GET  : 2.0
Local Client Capacity Test : 2.0
Local Double PUT with version : 2.0
Local Double Remove : 2.0
Local Invalid Command : 2.0
Local Invalid Key Test : 2.0
Local Invalid Value Test : 2.0
Local Remove Operation : 2.0
Local Shutdown Test : 2.0
Local Single node: 1 Client(s) % Failed : 0.0
Local Single node: 1 Client(s) % Success : 100.0
Local Single node: 1 Client(s) % Timeout : 0.0
Local Single node: 1 Client(s) Average Response Time (ms) : 1.0
Local Single node: 1 Client(s) Goodput (Requests per Second) : 13301.0
Local Single node: 1 Client(s) Maximum Response Time (ms) : 23.0
Local Single node: 1 Client(s) STDEV Response Time (ms) : 1.0
Local Single node: 1 Client(s) Successful Responses : 798048
Local Single node: 1 Client(s) Throughput (Requests per Second) : 13301.0
Local Single node: 1 Client(s) Timeout Responses : 0
Local Single node: 1 Client(s) Total Failed Responses : 0
Local Single node: 1 Client(s) Total Requests (including retries) : 798048
Local Single node: 1 Client(s) Total Requests (without retries) : 798048
Local Single node: 16 Client(s) % Failed : 0.0
Local Single node: 16 Client(s) % Success : 100.0
Local Single node: 16 Client(s) % Timeout : 0.0
Local Single node: 16 Client(s) Average Response Time (ms) : 1.0
Local Single node: 16 Client(s) Goodput (Requests per Second) : 27680.0
Local Single node: 16 Client(s) Maximum Response Time (ms) : 54.0
Local Single node: 16 Client(s) STDEV Response Time (ms) : 2.0
Local Single node: 16 Client(s) Successful Responses : 1660942
Local Single node: 16 Client(s) Throughput (Requests per Second) : 27680.0
Local Single node: 16 Client(s) Timeout Responses : 0
Local Single node: 16 Client(s) Total Failed Responses : 0
Local Single node: 16 Client(s) Total Requests (including retries) : 1660958
Local Single node: 16 Client(s) Total Requests (without retries) : 1660942
Local Single node: 64 Client(s) % Failed : 1.1716235128436298E-4
Local Single node: 64 Client(s) % Success : 99.99988283764871
Local Single node: 64 Client(s) % Timeout : 0.0
Local Single node: 64 Client(s) Average Response Time (ms) : 3.0
Local Single node: 64 Client(s) Goodput (Requests per Second) : 28447.0
Local Single node: 64 Client(s) Maximum Response Time (ms) : 107.0
Local Single node: 64 Client(s) STDEV Response Time (ms) : 3.0
Local Single node: 64 Client(s) Successful Responses : 1707031
Local Single node: 64 Client(s) Throughput (Requests per Second) : 28447.0
Local Single node: 64 Client(s) Timeout Responses : 0
Local Single node: 64 Client(s) Total Failed Responses : 2
Local Single node: 64 Client(s) Total Requests (including retries) : 1707033
Local Single node: 64 Client(s) Total Requests (without retries) : 1707033
Server Count : 20
Server List : 3.99.20.91_15555_3.99.20.91_15556_3.99.20.91_15557_3.99.20.91_15558_3.99.20.91_15559_3.99.20.91_15560_3.99.20.91_15561_3.99.20.91_15562_3.99.20.91_15563_3.99.20.91_15564_3.99.20.91_15565_3.99.20.91_15566_3.99.20.91_15567_3.99.20.91_15568_3.99.20.91_15569_3.99.20.91_15570_3.99.20.91_15571_3.99.20.91_15572_3.99.20.91_15573_3.99.20.91_15574_
Single Client Capacity (MiB) for value size of 500 : 44.0
Single Front Node (At-Most-Once) Policy : 2.0
Single Front Node At-Most-Once Policy Empty REMs : 2.0
Single Front Node At-Most-Once Policy Error Return Code : 2.0
Single Front Node At-Most-Once Policy Full Test : 2.0
Single Front Node Basic PUT GET  : 2.0
Single Front Node Double PUT with version : 2.0
Single Front Node Double Remove : 2.0
Single Front Node Invalid Command : 2.0
Single Front Node Invalid Key Test : 2.0
Single Front Node Invalid Value Test : 2.0
Single Front Node Remove Operation : 2.0
Stage 1 Random Front-End Basic : 2.0
Stage 1 Random Front-End Performance: 1 Client(s) % Failed : 0.0
Stage 1 Random Front-End Performance: 1 Client(s) % Success : 100.0
Stage 1 Random Front-End Performance: 1 Client(s) % Timeout : 0.0
Stage 1 Random Front-End Performance: 1 Client(s) Average Response Time (ms) : 58.0
Stage 1 Random Front-End Performance: 1 Client(s) Goodput (Requests per Second) : 18.0
Stage 1 Random Front-End Performance: 1 Client(s) Maximum Response Time (ms) : 202.0
Stage 1 Random Front-End Performance: 1 Client(s) STDEV Response Time (ms) : 26.0
Stage 1 Random Front-End Performance: 1 Client(s) Successful Responses : 1039
Stage 1 Random Front-End Performance: 1 Client(s) Throughput (Requests per Second) : 18.0
Stage 1 Random Front-End Performance: 1 Client(s) Timeout Responses : 0
Stage 1 Random Front-End Performance: 1 Client(s) Total Failed Responses : 0
Stage 1 Random Front-End Performance: 1 Client(s) Total Requests (including replies) : 1819
Stage 1 Random Front-End Performance: 1 Client(s) Total Requests (without replies) : 1039
Stage 1 Random Front-End Performance: 128 Client(s) % Failed : 0.0
Stage 1 Random Front-End Performance: 128 Client(s) % Success : 100.0
Stage 1 Random Front-End Performance: 128 Client(s) % Timeout : 0.0
Stage 1 Random Front-End Performance: 128 Client(s) Average Response Time (ms) : 52.0
Stage 1 Random Front-End Performance: 128 Client(s) CPU load (loadavg - last one minute) : 2.28
Stage 1 Random Front-End Performance: 128 Client(s) Goodput (Requests per Second) : 2476.0
Stage 1 Random Front-End Performance: 128 Client(s) Maximum Response Time (ms) : 598.0
Stage 1 Random Front-End Performance: 128 Client(s) STDEV Response Time (ms) : 21.0
Stage 1 Random Front-End Performance: 128 Client(s) Successful Responses : 148807
Stage 1 Random Front-End Performance: 128 Client(s) Throughput (Requests per Second) : 2476.0
Stage 1 Random Front-End Performance: 128 Client(s) Timeout Responses : 0
Stage 1 Random Front-End Performance: 128 Client(s) Total Failed Responses : 0
Stage 1 Random Front-End Performance: 128 Client(s) Total Requests (including replies) : 252704
Stage 1 Random Front-End Performance: 128 Client(s) Total Requests (without replies) : 148807
Stage 1 Random Front-End Performance: 2 Client(s) % Failed : 0.0
Stage 1 Random Front-End Performance: 2 Client(s) % Success : 100.0
Stage 1 Random Front-End Performance: 2 Client(s) % Timeout : 0.0
Stage 1 Random Front-End Performance: 2 Client(s) Average Response Time (ms) : 56.0
Stage 1 Random Front-End Performance: 2 Client(s) Goodput (Requests per Second) : 36.0
Stage 1 Random Front-End Performance: 2 Client(s) Maximum Response Time (ms) : 337.0
Stage 1 Random Front-End Performance: 2 Client(s) STDEV Response Time (ms) : 25.0
Stage 1 Random Front-End Performance: 2 Client(s) Successful Responses : 2145
Stage 1 Random Front-End Performance: 2 Client(s) Throughput (Requests per Second) : 36.0
Stage 1 Random Front-End Performance: 2 Client(s) Timeout Responses : 0
Stage 1 Random Front-End Performance: 2 Client(s) Total Failed Responses : 0
Stage 1 Random Front-End Performance: 2 Client(s) Total Requests (including replies) : 3700
Stage 1 Random Front-End Performance: 2 Client(s) Total Requests (without replies) : 2145
Stage 1 Random Front-End Performance: 32 Client(s) % Failed : 0.0
Stage 1 Random Front-End Performance: 32 Client(s) % Success : 100.0
Stage 1 Random Front-End Performance: 32 Client(s) % Timeout : 0.0
Stage 1 Random Front-End Performance: 32 Client(s) Average Response Time (ms) : 55.0
Stage 1 Random Front-End Performance: 32 Client(s) CPU load (loadavg - last one minute) : 0.05
Stage 1 Random Front-End Performance: 32 Client(s) Goodput (Requests per Second) : 588.0
Stage 1 Random Front-End Performance: 32 Client(s) Maximum Response Time (ms) : 420.0
Stage 1 Random Front-End Performance: 32 Client(s) STDEV Response Time (ms) : 23.0
Stage 1 Random Front-End Performance: 32 Client(s) Successful Responses : 35286
Stage 1 Random Front-End Performance: 32 Client(s) Throughput (Requests per Second) : 588.0
Stage 1 Random Front-End Performance: 32 Client(s) Timeout Responses : 0
Stage 1 Random Front-End Performance: 32 Client(s) Total Failed Responses : 0
Stage 1 Random Front-End Performance: 32 Client(s) Total Requests (including replies) : 61039
Stage 1 Random Front-End Performance: 32 Client(s) Total Requests (without replies) : 35286
Stage 1 Random Front-End Performance: 8 Client(s) % Failed : 0.0
Stage 1 Random Front-End Performance: 8 Client(s) % Success : 100.0
Stage 1 Random Front-End Performance: 8 Client(s) % Timeout : 0.0
Stage 1 Random Front-End Performance: 8 Client(s) Average Response Time (ms) : 54.0
Stage 1 Random Front-End Performance: 8 Client(s) Goodput (Requests per Second) : 151.0
Stage 1 Random Front-End Performance: 8 Client(s) Maximum Response Time (ms) : 336.0
Stage 1 Random Front-End Performance: 8 Client(s) STDEV Response Time (ms) : 23.0
Stage 1 Random Front-End Performance: 8 Client(s) Successful Responses : 9043
Stage 1 Random Front-End Performance: 8 Client(s) Throughput (Requests per Second) : 151.0
Stage 1 Random Front-End Performance: 8 Client(s) Timeout Responses : 0
Stage 1 Random Front-End Performance: 8 Client(s) Total Failed Responses : 0
Stage 1 Random Front-End Performance: 8 Client(s) Total Requests (including replies) : 15279
Stage 1 Random Front-End Performance: 8 Client(s) Total Requests (without replies) : 9043
Stage 1 Single Front Node Multi-Client Crash : 2.0
Stage 1 Single Front-End: 1 Client(s) % Failed : 0.0
Stage 1 Single Front-End: 1 Client(s) % Success : 100.0
Stage 1 Single Front-End: 1 Client(s) % Timeout : 0.0
Stage 1 Single Front-End: 1 Client(s) Average Response Time (ms) : 54.0
Stage 1 Single Front-End: 1 Client(s) Goodput (Requests per Second) : 19.0
Stage 1 Single Front-End: 1 Client(s) Maximum Response Time (ms) : 135.0
Stage 1 Single Front-End: 1 Client(s) STDEV Response Time (ms) : 23.0
Stage 1 Single Front-End: 1 Client(s) Successful Responses : 1128
Stage 1 Single Front-End: 1 Client(s) Throughput (Requests per Second) : 19.0
Stage 1 Single Front-End: 1 Client(s) Timeout Responses : 0
Stage 1 Single Front-End: 1 Client(s) Total Failed Responses : 0
Stage 1 Single Front-End: 1 Client(s) Total Requests (including retries) : 1885
Stage 1 Single Front-End: 1 Client(s) Total Requests (without retries) : 1128
Stage 1 Single Front-End: 128 Client(s) % Failed : 0.0
Stage 1 Single Front-End: 128 Client(s) % Success : 100.0
Stage 1 Single Front-End: 128 Client(s) % Timeout : 0.0
Stage 1 Single Front-End: 128 Client(s) Average Response Time (ms) : 56.0
Stage 1 Single Front-End: 128 Client(s) Goodput (Requests per Second) : 2286.0
Stage 1 Single Front-End: 128 Client(s) Maximum Response Time (ms) : 640.0
Stage 1 Single Front-End: 128 Client(s) STDEV Response Time (ms) : 27.0
Stage 1 Single Front-End: 128 Client(s) Successful Responses : 137341
Stage 1 Single Front-End: 128 Client(s) Throughput (Requests per Second) : 2286.0
Stage 1 Single Front-End: 128 Client(s) Timeout Responses : 0
Stage 1 Single Front-End: 128 Client(s) Total Failed Responses : 0
Stage 1 Single Front-End: 128 Client(s) Total Requests (including retries) : 237990
Stage 1 Single Front-End: 128 Client(s) Total Requests (without retries) : 137341
Stage 1 Single Front-End: 2 Client(s) % Failed : 0.0
Stage 1 Single Front-End: 2 Client(s) % Success : 100.0
Stage 1 Single Front-End: 2 Client(s) % Timeout : 0.0
Stage 1 Single Front-End: 2 Client(s) Average Response Time (ms) : 56.0
Stage 1 Single Front-End: 2 Client(s) Goodput (Requests per Second) : 37.0
Stage 1 Single Front-End: 2 Client(s) Maximum Response Time (ms) : 183.0
Stage 1 Single Front-End: 2 Client(s) STDEV Response Time (ms) : 24.0
Stage 1 Single Front-End: 2 Client(s) Successful Responses : 2163
Stage 1 Single Front-End: 2 Client(s) Throughput (Requests per Second) : 37.0
Stage 1 Single Front-End: 2 Client(s) Timeout Responses : 0
Stage 1 Single Front-End: 2 Client(s) Total Failed Responses : 0
Stage 1 Single Front-End: 2 Client(s) Total Requests (including retries) : 3709
Stage 1 Single Front-End: 2 Client(s) Total Requests (without retries) : 2163
Stage 1 Single Front-End: 32 Client(s) % Failed : 0.0
Stage 1 Single Front-End: 32 Client(s) % Success : 100.0
Stage 1 Single Front-End: 32 Client(s) % Timeout : 0.0
Stage 1 Single Front-End: 32 Client(s) Average Response Time (ms) : 57.0
Stage 1 Single Front-End: 32 Client(s) Goodput (Requests per Second) : 561.0
Stage 1 Single Front-End: 32 Client(s) Maximum Response Time (ms) : 359.0
Stage 1 Single Front-End: 32 Client(s) STDEV Response Time (ms) : 25.0
Stage 1 Single Front-End: 32 Client(s) Successful Responses : 33724
Stage 1 Single Front-End: 32 Client(s) Throughput (Requests per Second) : 561.0
Stage 1 Single Front-End: 32 Client(s) Timeout Responses : 0
Stage 1 Single Front-End: 32 Client(s) Total Failed Responses : 0
Stage 1 Single Front-End: 32 Client(s) Total Requests (including retries) : 58998
Stage 1 Single Front-End: 32 Client(s) Total Requests (without retries) : 33724
Stage 1 Single Front-End: 8 Client(s) % Failed : 0.0
Stage 1 Single Front-End: 8 Client(s) % Success : 100.0
Stage 1 Single Front-End: 8 Client(s) % Timeout : 0.0
Stage 1 Single Front-End: 8 Client(s) Average Response Time (ms) : 53.0
Stage 1 Single Front-End: 8 Client(s) Goodput (Requests per Second) : 153.0
Stage 1 Single Front-End: 8 Client(s) Maximum Response Time (ms) : 331.0
Stage 1 Single Front-End: 8 Client(s) STDEV Response Time (ms) : 23.0
Stage 1 Single Front-End: 8 Client(s) Successful Responses : 9137
Stage 1 Single Front-End: 8 Client(s) Throughput (Requests per Second) : 153.0
Stage 1 Single Front-End: 8 Client(s) Timeout Responses : 0
Stage 1 Single Front-End: 8 Client(s) Total Failed Responses : 0
Stage 1 Single Front-End: 8 Client(s) Total Requests (including retries) : 15274
Stage 1 Single Front-End: 8 Client(s) Total Requests (without retries) : 9137
Stage 2 Distributed Shutdown Honoured : 2.0
Stage 2 Random Front-End Basic : 2.0
Stage 2 Random Front-End: 1 Client(s) % Failed : 0.0
Stage 2 Random Front-End: 1 Client(s) % Success : 100.0
Stage 2 Random Front-End: 1 Client(s) % Timeout : 0.0
Stage 2 Random Front-End: 1 Client(s) Average Response Time (ms) : 50.0
Stage 2 Random Front-End: 1 Client(s) Goodput (Requests per Second) : 21.0
Stage 2 Random Front-End: 1 Client(s) Maximum Response Time (ms) : 364.0
Stage 2 Random Front-End: 1 Client(s) STDEV Response Time (ms) : 23.0
Stage 2 Random Front-End: 1 Client(s) Successful Responses : 1208
Stage 2 Random Front-End: 1 Client(s) Throughput (Requests per Second) : 21.0
Stage 2 Random Front-End: 1 Client(s) Timeout Responses : 0
Stage 2 Random Front-End: 1 Client(s) Total Failed Responses : 0
Stage 2 Random Front-End: 1 Client(s) Total Requests (including replies) : 1971
Stage 2 Random Front-End: 1 Client(s) Total Requests (without replies) : 1208
Stage 2 Random Front-End: 128 Client(s) % Failed : 0.0
Stage 2 Random Front-End: 128 Client(s) % Success : 100.0
Stage 2 Random Front-End: 128 Client(s) % Timeout : 0.0
Stage 2 Random Front-End: 128 Client(s) Average Response Time (ms) : 46.0
Stage 2 Random Front-End: 128 Client(s) CPU load (loadavg - last one minute) : 2.41
Stage 2 Random Front-End: 128 Client(s) Goodput (Requests per Second) : 2814.0
Stage 2 Random Front-End: 128 Client(s) Maximum Response Time (ms) : 572.0
Stage 2 Random Front-End: 128 Client(s) STDEV Response Time (ms) : 19.0
Stage 2 Random Front-End: 128 Client(s) Successful Responses : 169108
Stage 2 Random Front-End: 128 Client(s) Throughput (Requests per Second) : 2814.0
Stage 2 Random Front-End: 128 Client(s) Timeout Responses : 0
Stage 2 Random Front-End: 128 Client(s) Total Failed Responses : 0
Stage 2 Random Front-End: 128 Client(s) Total Requests (including replies) : 255887
Stage 2 Random Front-End: 128 Client(s) Total Requests (without replies) : 169108
Stage 2 Random Front-End: 2 Client(s) % Failed : 0.0
Stage 2 Random Front-End: 2 Client(s) % Success : 100.0
Stage 2 Random Front-End: 2 Client(s) % Timeout : 0.0
Stage 2 Random Front-End: 2 Client(s) Average Response Time (ms) : 51.0
Stage 2 Random Front-End: 2 Client(s) Goodput (Requests per Second) : 40.0
Stage 2 Random Front-End: 2 Client(s) Maximum Response Time (ms) : 188.0
Stage 2 Random Front-End: 2 Client(s) STDEV Response Time (ms) : 22.0
Stage 2 Random Front-End: 2 Client(s) Successful Responses : 2381
Stage 2 Random Front-End: 2 Client(s) Throughput (Requests per Second) : 40.0
Stage 2 Random Front-End: 2 Client(s) Timeout Responses : 0
Stage 2 Random Front-End: 2 Client(s) Total Failed Responses : 0
Stage 2 Random Front-End: 2 Client(s) Total Requests (including replies) : 3905
Stage 2 Random Front-End: 2 Client(s) Total Requests (without replies) : 2381
Stage 2 Random Front-End: 32 Client(s) % Failed : 0.0
Stage 2 Random Front-End: 32 Client(s) % Success : 100.0
Stage 2 Random Front-End: 32 Client(s) % Timeout : 0.0
Stage 2 Random Front-End: 32 Client(s) Average Response Time (ms) : 48.0
Stage 2 Random Front-End: 32 Client(s) CPU load (loadavg - last one minute) : 0.08
Stage 2 Random Front-End: 32 Client(s) Goodput (Requests per Second) : 679.0
Stage 2 Random Front-End: 32 Client(s) Maximum Response Time (ms) : 335.0
Stage 2 Random Front-End: 32 Client(s) STDEV Response Time (ms) : 21.0
Stage 2 Random Front-End: 32 Client(s) Successful Responses : 40734
Stage 2 Random Front-End: 32 Client(s) Throughput (Requests per Second) : 679.0
Stage 2 Random Front-End: 32 Client(s) Timeout Responses : 0
Stage 2 Random Front-End: 32 Client(s) Total Failed Responses : 0
Stage 2 Random Front-End: 32 Client(s) Total Requests (including replies) : 64258
Stage 2 Random Front-End: 32 Client(s) Total Requests (without replies) : 40734
Stage 2 Random Front-End: 8 Client(s) % Failed : 0.0
Stage 2 Random Front-End: 8 Client(s) % Success : 100.0
Stage 2 Random Front-End: 8 Client(s) % Timeout : 0.0
Stage 2 Random Front-End: 8 Client(s) Average Response Time (ms) : 51.0
Stage 2 Random Front-End: 8 Client(s) Goodput (Requests per Second) : 160.0
Stage 2 Random Front-End: 8 Client(s) Maximum Response Time (ms) : 342.0
Stage 2 Random Front-End: 8 Client(s) STDEV Response Time (ms) : 22.0
Stage 2 Random Front-End: 8 Client(s) Successful Responses : 9574
Stage 2 Random Front-End: 8 Client(s) Throughput (Requests per Second) : 160.0
Stage 2 Random Front-End: 8 Client(s) Timeout Responses : 0
Stage 2 Random Front-End: 8 Client(s) Total Failed Responses : 0
Stage 2 Random Front-End: 8 Client(s) Total Requests (including replies) : 15614
Stage 2 Random Front-End: 8 Client(s) Total Requests (without replies) : 9574
Stage 2 Single Front-End: 1 Client(s) % Failed : 0.0
Stage 2 Single Front-End: 1 Client(s) % Success : 100.0
Stage 2 Single Front-End: 1 Client(s) % Timeout : 0.0
Stage 2 Single Front-End: 1 Client(s) Average Response Time (ms) : 49.0
Stage 2 Single Front-End: 1 Client(s) Goodput (Requests per Second) : 21.0
Stage 2 Single Front-End: 1 Client(s) Maximum Response Time (ms) : 149.0
Stage 2 Single Front-End: 1 Client(s) STDEV Response Time (ms) : 21.0
Stage 2 Single Front-End: 1 Client(s) Successful Responses : 1244
Stage 2 Single Front-End: 1 Client(s) Throughput (Requests per Second) : 21.0
Stage 2 Single Front-End: 1 Client(s) Timeout Responses : 0
Stage 2 Single Front-End: 1 Client(s) Total Failed Responses : 0
Stage 2 Single Front-End: 1 Client(s) Total Requests (including retries) : 2002
Stage 2 Single Front-End: 1 Client(s) Total Requests (without retries) : 1244
Stage 2 Single Front-End: 128 Client(s) % Failed : 0.0
Stage 2 Single Front-End: 128 Client(s) % Success : 99.99937952943512
Stage 2 Single Front-End: 128 Client(s) % Timeout : 6.204705648764023E-4
Stage 2 Single Front-End: 128 Client(s) Average Response Time (ms) : 48.0
Stage 2 Single Front-End: 128 Client(s) Goodput (Requests per Second) : 2682.0
Stage 2 Single Front-End: 128 Client(s) Maximum Response Time (ms) : 353.0
Stage 2 Single Front-End: 128 Client(s) STDEV Response Time (ms) : 22.0
Stage 2 Single Front-End: 128 Client(s) Successful Responses : 161167
Stage 2 Single Front-End: 128 Client(s) Throughput (Requests per Second) : 2682.0
Stage 2 Single Front-End: 128 Client(s) Timeout Responses : 1
Stage 2 Single Front-End: 128 Client(s) Total Failed Responses : 0
Stage 2 Single Front-End: 128 Client(s) Total Requests (including retries) : 254480
Stage 2 Single Front-End: 128 Client(s) Total Requests (without retries) : 161168
Stage 2 Single Front-End: 2 Client(s) % Failed : 0.0
Stage 2 Single Front-End: 2 Client(s) % Success : 100.0
Stage 2 Single Front-End: 2 Client(s) % Timeout : 0.0
Stage 2 Single Front-End: 2 Client(s) Average Response Time (ms) : 49.0
Stage 2 Single Front-End: 2 Client(s) Goodput (Requests per Second) : 41.0
Stage 2 Single Front-End: 2 Client(s) Maximum Response Time (ms) : 184.0
Stage 2 Single Front-End: 2 Client(s) STDEV Response Time (ms) : 21.0
Stage 2 Single Front-End: 2 Client(s) Successful Responses : 2461
Stage 2 Single Front-End: 2 Client(s) Throughput (Requests per Second) : 41.0
Stage 2 Single Front-End: 2 Client(s) Timeout Responses : 0
Stage 2 Single Front-End: 2 Client(s) Total Failed Responses : 0
Stage 2 Single Front-End: 2 Client(s) Total Requests (including retries) : 3944
Stage 2 Single Front-End: 2 Client(s) Total Requests (without retries) : 2461
Stage 2 Single Front-End: 32 Client(s) % Failed : 0.0
Stage 2 Single Front-End: 32 Client(s) % Success : 100.0
Stage 2 Single Front-End: 32 Client(s) % Timeout : 0.0
Stage 2 Single Front-End: 32 Client(s) Average Response Time (ms) : 49.0
Stage 2 Single Front-End: 32 Client(s) Goodput (Requests per Second) : 663.0
Stage 2 Single Front-End: 32 Client(s) Maximum Response Time (ms) : 585.0
Stage 2 Single Front-End: 32 Client(s) STDEV Response Time (ms) : 22.0
Stage 2 Single Front-End: 32 Client(s) Successful Responses : 39838
Stage 2 Single Front-End: 32 Client(s) Throughput (Requests per Second) : 663.0
Stage 2 Single Front-End: 32 Client(s) Timeout Responses : 0
Stage 2 Single Front-End: 32 Client(s) Total Failed Responses : 0
Stage 2 Single Front-End: 32 Client(s) Total Requests (including retries) : 63627
Stage 2 Single Front-End: 32 Client(s) Total Requests (without retries) : 39838
Stage 2 Single Front-End: 8 Client(s) % Failed : 0.0
Stage 2 Single Front-End: 8 Client(s) % Success : 100.0
Stage 2 Single Front-End: 8 Client(s) % Timeout : 0.0
Stage 2 Single Front-End: 8 Client(s) Average Response Time (ms) : 49.0
Stage 2 Single Front-End: 8 Client(s) Goodput (Requests per Second) : 165.0
Stage 2 Single Front-End: 8 Client(s) Maximum Response Time (ms) : 356.0
Stage 2 Single Front-End: 8 Client(s) STDEV Response Time (ms) : 21.0
Stage 2 Single Front-End: 8 Client(s) Successful Responses : 9870
Stage 2 Single Front-End: 8 Client(s) Throughput (Requests per Second) : 165.0
Stage 2 Single Front-End: 8 Client(s) Timeout Responses : 0
Stage 2 Single Front-End: 8 Client(s) Total Failed Responses : 0
Stage 2 Single Front-End: 8 Client(s) Total Requests (including retries) : 15988
Stage 2 Single Front-End: 8 Client(s) Total Requests (without retries) : 9870
Test Crash; % Keys Failed : 14.15
Test Crash; Key Recovery : 2.0
Test Start Time : Thu Mar 02 05:21:14 UTC 2023
Result Verification Code : 94DC532050CB425001FCD7C4A8A8B1BF
[Info] Submission Successful!
[Info] Results server is up. Secret is valid.
[Info] Results successfully submitted.
[Info] Completed A7 Tests.
Testing completed in 2039.581s
