CPEN 431 EVALUATION test Client
Time: Fri Mar 10 06:24:15 UTC 2023
Build Date: Fri Mar 10 06:03:15 UTC 2023
Java process ID: 4693
Assignment ID: 8
Client Version: 1

[Info] A8 client running in TEST mode.

[Info] Starting A8 Tests


[Info] Done building nodes' list.
[Info] The deployment has 20 server nodes.

[Info] Skipping tests of local deployment since not running in submit mode.

[Info] The deployment has 20 server nodes.
Sending GETPID to all servers... 
[Info] Server node localhost15555 has process ID 4242.
[Info] Server node localhost15556 has process ID 4243.
[Info] Server node localhost15557 has process ID 4244.
[Info] Server node localhost15558 has process ID 4245.
[Info] Server node localhost15559 has process ID 4246.
[Info] Server node localhost15560 has process ID 4247.
[Info] Server node localhost15561 has process ID 4248.
[Info] Server node localhost15562 has process ID 4249.
[Info] Server node localhost15563 has process ID 4250.
[Info] Server node localhost15564 has process ID 4251.
[Info] Server node localhost15565 has process ID 4252.
[Info] Server node localhost15566 has process ID 4253.
[Info] Server node localhost15567 has process ID 4254.
[Info] Server node localhost15568 has process ID 4256.
[Info] Server node localhost15569 has process ID 4258.
[Info] Server node localhost15570 has process ID 4259.
[Info] Server node localhost15571 has process ID 4261.
[Info] Server node localhost15572 has process ID 4262.
[Info] Server node localhost15573 has process ID 4263.
[Info] Server node localhost15574 has process ID 4264.
[ ... Completed in 0.094 seconds ]
[OK]

Sending GetMembershipCount to all servers... 
[Info] Server localhost:15556 replied with membership count = 20 (expected count = 20)
[Info] Server localhost:15565 replied with membership count = 20 (expected count = 20)
[Info] Server localhost:15559 replied with membership count = 20 (expected count = 20)
[Info] Server localhost:15557 replied with membership count = 20 (expected count = 20)
[Info] Server localhost:15560 replied with membership count = 20 (expected count = 20)
[Info] Server localhost:15555 replied with membership count = 20 (expected count = 20)
[Info] Server localhost:15563 replied with membership count = 20 (expected count = 20)
[Info] Server localhost:15564 replied with membership count = 20 (expected count = 20)
[Info] Server localhost:15558 replied with membership count = 20 (expected count = 20)
[Info] Server localhost:15561 replied with membership count = 20 (expected count = 20)
[Info] Server localhost:15566 replied with membership count = 20 (expected count = 20)
[Info] Server localhost:15562 replied with membership count = 20 (expected count = 20)
[Info] Server localhost:15567 replied with membership count = 20 (expected count = 20)
[Info] Server localhost:15569 replied with membership count = 20 (expected count = 20)
[Info] Server localhost:15568 replied with membership count = 20 (expected count = 20)
[Info] Server localhost:15570 replied with membership count = 20 (expected count = 20)
[Info] Server localhost:15572 replied with membership count = 20 (expected count = 20)
[Info] Server localhost:15574 replied with membership count = 20 (expected count = 20)
[Info] Server localhost:15571 replied with membership count = 20 (expected count = 20)
[Info] Server localhost:15573 replied with membership count = 20 (expected count = 20)
[ ... Completed in 0.02 seconds ]
[Ok] All servers returned the expected membership count (20)
Sending WIPE-OUT to all servers...
[ ... Completed in 0.107 seconds ]
[OK]
Waiting for 5 seconds for the cache to be cleared!
[Test isAlive] for localhost:15555

[ TEST Basic PUT/GET (PUT -> GET). Value Length = 8 Bytes ]
TEST_PASSED

[ TEST Basic PUT/GET (PUT -> GET). Value Length = 32 Bytes ]
TEST_PASSED

[ TEST Basic PUT/GET (PUT -> GET). Value Length = 512 Bytes ]
TEST_PASSED

[ TEST Basic PUT/GET (PUT -> GET). Value Length = 1024 Bytes ]
TEST_PASSED
Sending WIPE-OUT to all servers...
[ ... Completed in 0.089 seconds ]
[OK]
Waiting for 5 seconds for the cache to be cleared!


[ TEST Basic KVS with message version (PUT Version 1 -> GET -> PUT Version 2 -> GET). Value Length = 8 Bytes ]
TEST_PASSED


[ TEST Basic KVS with message version (PUT Version 1 -> GET -> PUT Version 2 -> GET). Value Length = 32 Bytes ]
TEST_PASSED


[ TEST Basic KVS with message version (PUT Version 1 -> GET -> PUT Version 2 -> GET). Value Length = 512 Bytes ]
TEST_PASSED


[ TEST Basic KVS with message version (PUT Version 1 -> GET -> PUT Version 2 -> GET). Value Length = 1024 Bytes ]
TEST_PASSED
Sending WIPE-OUT to all servers...
[ ... Completed in 0.049 seconds ]
[OK]
Waiting for 5 seconds for the cache to be cleared!

[ TEST Basic REMOVE (PUT -> GET -> REM -> GET). Value Length = 32 Bytes. ]
TEST_PASSED
Sending WIPE-OUT to all servers...
[ ... Completed in 0.049 seconds ]
[OK]
Waiting for 5 seconds for the cache to be cleared!

[ TEST Double remove (PUT -> REM -> REM). Value Length = 32 Bytes. ]
TEST_PASSED
Sending WIPE-OUT to all servers...
[ ... Completed in 0.051 seconds ]
[OK]
Waiting for 5 seconds for the cache to be cleared!

[ TEST Invalid Command. ]
TEST_PASSED
Sending WIPE-OUT to all servers...
[ ... Completed in 0.052 seconds ]
[OK]
Waiting for 5 seconds for the cache to be cleared!

[ TEST At-Most-Once Client Policy (PUT -> REM -> REM). Value length =  32 Bytes ]
TEST_PASSED
Sending WIPE-OUT to all servers...
[ ... Completed in 0.045 seconds ]
[OK]
Waiting for 5 seconds for the cache to be cleared!

[ TEST At-Most-Once Client Policy Empty REMs (EMPTY -> REM -> REM) ]
TEST_PASSED
Sending WIPE-OUT to all servers...
[ ... Completed in 0.047 seconds ]
[OK]
Waiting for 5 seconds for the cache to be cleared!

[ TEST At-Most-Once Client Policy (PUT -> REM -> many PUT -> REM). Value length =  32 Bytes ]
Pausing for 10 seconds to wait for the cache to be cleared!
TEST_PASSED

[ TEST At-Most-Once Client Policy Error Return Code (REM -> PUT -> REM) ]
TEST_PASSED
Sending WIPE-OUT to all servers...
[ ... Completed in 0.054 seconds ]
[OK]
Waiting for 5 seconds for the cache to be cleared!

[ TEST At-Most-Once Client Policy For PUTs (PUT1 -> PUT2 -> PUT1 -> GET2) ]
TEST_PASSED
Sending WIPE-OUT to all servers...
[ ... Completed in 0.051 seconds ]
[OK]
Waiting for 5 seconds for the cache to be cleared!

[TEST Invalid Key ]
TEST_PASSED
Sending WIPE-OUT to all servers...
[ ... Completed in 0.049 seconds ]
[OK]
Waiting for 5 seconds for the cache to be cleared!

[TEST Invalid Value ]
TEST_PASSED
Sending WIPE-OUT to all servers...
[ ... Completed in 0.047 seconds ]
[OK]
Waiting for 5 seconds for the cache to be cleared!

[ TEST Single Front-End Performance (1 clients, 60.0 seconds): PUT -> GET (closed loop) ]
[Test isAlive] for localhost:15555
[ ... Completed in 0.001 seconds ]
Stage 1 Single Front-End: Test Status: TEST_PASSED
Clients: 1
Total Requests (without replies): 395471
Total Requests (including replies): 395471
Successful Responses: 395471
Timeout Responses: 0
Total Failed Responses: 0
% Success: 100.0
% Timeout: 0.0
% Failed: 0.0
Response Time (Successful requests):
[max] 21ms, [min] 0ms
[avg] 0.1294026616363779 ms, [stdev] 0.39783042653256ms
Throughput: 6591.073482108632 requests per second
Goodput: 6591.073482108632 requests per second
Retry Rate (Successful requests): 1.0
Sending WIPE-OUT to all servers...
[ ... Completed in 0.109 seconds ]
[OK]
Waiting for 5 seconds for the cache to be cleared!
[ ... TEST Completed in 65.426 seconds ]
[Info] Pausing for 6 seconds to wait for the cache to be cleared!

[ TEST Single Front-End Performance (16 clients, 60.0 seconds): PUT -> GET (closed loop) ]
[Test isAlive] for localhost:15555
[ ... Completed in 0.001 seconds ]
Stage 1 Single Front-End: Test Status: TEST_PASSED
Clients: 16
Total Requests (without replies): 1290284
Total Requests (including replies): 1290296
Successful Responses: 1290284
Timeout Responses: 0
Total Failed Responses: 0
% Success: 100.0
% Timeout: 0.0
% Failed: 0.0
Response Time (Successful requests):
[max] 108ms, [min] 0ms
[avg] 0.7008046290584089 ms, [stdev] 0.8367428014242921ms
Throughput: 21504.374927084547 requests per second
Goodput: 21504.374927084547 requests per second
Retry Rate (Successful requests): 1.0000093002780783
Sending WIPE-OUT to all servers...
[ ... Completed in 0.153 seconds ]
[OK]
Waiting for 5 seconds for the cache to be cleared!
[ ... TEST Completed in 65.692 seconds ]
[Info] Pausing for 6 seconds to wait for the cache to be cleared!

[ TEST Single Front-End Performance (32 clients, 60.0 seconds): PUT -> GET (closed loop) ]
[Test isAlive] for localhost:15555
[ ... Completed in 0.001 seconds ]
Stage 1 Single Front-End: Test Status: TEST_PASSED
Clients: 32
Total Requests (without replies): 1512995
Total Requests (including replies): 1512995
Successful Responses: 1512995
Timeout Responses: 0
Total Failed Responses: 0
% Success: 100.0
% Timeout: 0.0
% Failed: 0.0
Response Time (Successful requests):
[max] 61ms, [min] 0ms
[avg] 1.2394733624367562 ms, [stdev] 0.936870492244256ms
Throughput: 25215.742808573046 requests per second
Goodput: 25215.742808573046 requests per second
Retry Rate (Successful requests): 1.0
Sending WIPE-OUT to all servers...
[ ... Completed in 0.104 seconds ]
[OK]
Waiting for 5 seconds for the cache to be cleared!
[ ... TEST Completed in 65.57 seconds ]
[Info] Pausing for 6 seconds to wait for the cache to be cleared!

[ TEST Single Front-End Performance (64 clients, 60.0 seconds): PUT -> GET (closed loop) ]
[Test isAlive] for localhost:15555
[ ... Completed in 0.001 seconds ]
Stage 1 Single Front-End: Test Status: TEST_PASSED
Clients: 64
Total Requests (without replies): 1588563
Total Requests (including replies): 1588563
Successful Responses: 1588563
Timeout Responses: 0
Total Failed Responses: 0
% Success: 100.0
% Timeout: 0.0
% Failed: 0.0
Response Time (Successful requests):
[max] 62ms, [min] 0ms
[avg] 2.386984337416898 ms, [stdev] 1.083231517544311ms
Throughput: 26474.28504766349 requests per second
Goodput: 26474.28504766349 requests per second
Retry Rate (Successful requests): 1.0
Sending WIPE-OUT to all servers...
[ ... Completed in 0.089 seconds ]
[OK]
Waiting for 5 seconds for the cache to be cleared!
[ ... TEST Completed in 65.702 seconds ]
[Info] Pausing for 6 seconds to wait for the cache to be cleared!

[ TEST Single Front-End Performance (128 clients, 60.0 seconds): PUT -> GET (closed loop) ]
[Test isAlive] for localhost:15555
[ ... Completed in 0.001 seconds ]
Stage 1 Single Front-End: Test Status: TEST_PASSED
Clients: 128
Total Requests (without replies): 1683602
Total Requests (including replies): 1683635
Successful Responses: 1683602
Timeout Responses: 0
Total Failed Responses: 0
% Success: 100.0
% Timeout: 0.0
% Failed: 0.0
Response Time (Successful requests):
[max] 141ms, [min] 0ms
[avg] 4.524441643571343 ms, [stdev] 1.791569097391498ms
Throughput: 28057.695192067327 requests per second
Goodput: 28057.695192067327 requests per second
Retry Rate (Successful requests): 1.0000196008320257
Sending WIPE-OUT to all servers...
[ ... Completed in 0.091 seconds ]
[OK]
Waiting for 5 seconds for the cache to be cleared!
[ ... TEST Completed in 65.703 seconds ]
[Info] Pausing for 6 seconds to wait for the cache to be cleared!

[ TEST Single Front-End Performance (256 clients, 60.0 seconds): PUT -> GET (closed loop) ]
[Test isAlive] for localhost:15555
[ ... Completed in 0.0 seconds ]
Stage 1 Single Front-End: Test Status: TEST_PASSED
Clients: 256
Total Requests (without replies): 1603848
Total Requests (including replies): 1650123
Successful Responses: 1603848
Timeout Responses: 0
Total Failed Responses: 0
% Success: 100.0
% Timeout: 0.0
% Failed: 0.0
Response Time (Successful requests):
[max] 535ms, [min] 0ms
[avg] 9.52984198003801 ms, [stdev] 8.458670947351271ms
Throughput: 26726.345609065156 requests per second
Goodput: 26726.345609065156 requests per second
Retry Rate (Successful requests): 1.0288524847741183
Sending WIPE-OUT to all servers...
[ ... Completed in 0.086 seconds ]
[OK]
Waiting for 5 seconds for the cache to be cleared!
[ ... TEST Completed in 65.668 seconds ]
[Info] Pausing for 6 seconds to wait for the cache to be cleared!

[ TEST Multi Client Crash: PUT -> GET (closed loop) + REM -> WIPEOUT (closed loop) ]
[Test isAlive]
Test Passed. Server is ok.
TEST_PASSED
Sending WIPE-OUT to all servers...
[ ... Completed in 0.06 seconds ]
[OK]
Waiting for 5 seconds for the cache to be cleared!
[ ... TEST Completed in 81.964 seconds ]

[ TEST Random Front-End Basic (PUT -> GET -> REM -> REM -> GET). Value Length = 8 Bytes ]
TEST_PASSED

[ TEST Random Front-End Basic (PUT -> GET -> REM -> REM -> GET). Value Length = 32 Bytes ]
TEST_PASSED

[ TEST Random Front-End Basic (PUT -> GET -> REM -> REM -> GET). Value Length = 512 Bytes ]
TEST_PASSED

[ TEST Random Front-End Basic (PUT -> GET -> REM -> REM -> GET). Value Length = 1024 Bytes ]
TEST_PASSED
[ ... TEST Completed in 0.011 seconds ]
Sending WIPE-OUT to all servers...
[ ... Completed in 0.062 seconds ]
[OK]
Waiting for 5 seconds for the cache to be cleared!
[Info] Pausing for 6 seconds to wait for the cache to be cleared!

[ TEST Random Front-End Performance (1 clients, 60.0 seconds): PUT -> GET (closed loop) ]
[Test isAlive] for localhost:15555
[Test isAlive] for localhost:15556
[Test isAlive] for localhost:15557
[Test isAlive] for localhost:15559
[Test isAlive] for localhost:15560
[Test isAlive] for localhost:15561
[Test isAlive] for localhost:15563
[Test isAlive] for localhost:15558
[Test isAlive] for localhost:15565
[Test isAlive] for localhost:15562
[Test isAlive] for localhost:15564
[Test isAlive] for localhost:15566
[Test isAlive] for localhost:15567
[Test isAlive] for localhost:15568
[Test isAlive] for localhost:15569
[Test isAlive] for localhost:15570
[Test isAlive] for localhost:15571
[Test isAlive] for localhost:15572
[Test isAlive] for localhost:15573
[Test isAlive] for localhost:15574
[ ... Completed in 0.005 seconds ]
TEST_PASSED
Stage 1 Random Front-End Performance: Test Status: TEST_PASSED
Clients: 1
Total Requests (without replies): 438875
Total Requests (including replies): 438875
Successful Responses: 438875
Timeout Responses: 0
Total Failed Responses: 0
% Success: 100.0
% Timeout: 0.0
% Failed: 0.0
Response Time (Successful requests):
[max] 73ms, [min] 0ms
[avg] 0.11583024779265166 ms, [stdev] 0.35452968867182105ms
Throughput: 7314.461425642906 requests per second
Goodput: 7314.461425642906 requests per second
Retry Rate (Successful requests): 1.0
Sending WIPE-OUT to all servers...
[ ... Completed in 0.07 seconds ]
[OK]
Waiting for 5 seconds for the cache to be cleared!
[ ... TEST Completed in 65.205 seconds ]
[Info] Pausing for 6 seconds to wait for the cache to be cleared!

[ TEST Random Front-End Performance (16 clients, 60.0 seconds): PUT -> GET (closed loop) ]
[Test isAlive] for localhost:15555
[Test isAlive] for localhost:15556
[Test isAlive] for localhost:15557
[Test isAlive] for localhost:15558
[Test isAlive] for localhost:15560
[Test isAlive] for localhost:15562
[Test isAlive] for localhost:15563
[Test isAlive] for localhost:15559
[Test isAlive] for localhost:15561
[Test isAlive] for localhost:15566
[Test isAlive] for localhost:15567
[Test isAlive] for localhost:15569
[Test isAlive] for localhost:15573
[Test isAlive] for localhost:15572
[Test isAlive] for localhost:15570
[Test isAlive] for localhost:15571
[Test isAlive] for localhost:15574
[Test isAlive] for localhost:15568
[Test isAlive] for localhost:15565
[Test isAlive] for localhost:15564
[ ... Completed in 0.007 seconds ]
TEST_PASSED
Stage 1 Random Front-End Performance: Test Status: TEST_PASSED
Clients: 16
Total Requests (without replies): 1319416
Total Requests (including replies): 1319416
Successful Responses: 1319416
Timeout Responses: 0
Total Failed Responses: 0
% Success: 100.0
% Timeout: 0.0
% Failed: 0.0
Response Time (Successful requests):
[max] 41ms, [min] 0ms
[avg] 0.5948798559362627 ms, [stdev] 0.8070028267912149ms
Throughput: 21989.90016833053 requests per second
Goodput: 21989.90016833053 requests per second
Retry Rate (Successful requests): 1.0
Sending WIPE-OUT to all servers...
[ ... Completed in 0.105 seconds ]
[OK]
Waiting for 5 seconds for the cache to be cleared!
[ ... TEST Completed in 65.511 seconds ]
[Info] Pausing for 6 seconds to wait for the cache to be cleared!

[ TEST Random Front-End Performance (32 clients, 60.0 seconds): PUT -> GET (closed loop) ]
[Test isAlive] for localhost:15555
[Test isAlive] for localhost:15556
[Test isAlive] for localhost:15557
[Test isAlive] for localhost:15558
[Test isAlive] for localhost:15559
[Test isAlive] for localhost:15561
[Test isAlive] for localhost:15562
[Test isAlive] for localhost:15564
[Test isAlive] for localhost:15560
[Test isAlive] for localhost:15563
[Test isAlive] for localhost:15565
[Test isAlive] for localhost:15567
[Test isAlive] for localhost:15566
[Test isAlive] for localhost:15568
[Test isAlive] for localhost:15569
[Test isAlive] for localhost:15570
[Test isAlive] for localhost:15571
[Test isAlive] for localhost:15572
[Test isAlive] for localhost:15573
[Test isAlive] for localhost:15574
[ ... Completed in 0.004 seconds ]
TEST_PASSED
[ CPU load (loadavg, last one minute) 19.68 ]
Stage 1 Random Front-End Performance: Test Status: TEST_PASSED
Clients: 32
Total Requests (without replies): 1322403
Total Requests (including replies): 1322403
Successful Responses: 1322403
Timeout Responses: 0
Total Failed Responses: 0
% Success: 100.0
% Timeout: 0.0
% Failed: 0.0
Response Time (Successful requests):
[max] 80ms, [min] 0ms
[avg] 1.3163914479927827 ms, [stdev] 1.813997445657394ms
Throughput: 22039.315356154795 requests per second
Goodput: 22039.315356154795 requests per second
Retry Rate (Successful requests): 1.0
Sending WIPE-OUT to all servers...
[ ... Completed in 0.128 seconds ]
[OK]
Waiting for 5 seconds for the cache to be cleared!
[ ... TEST Completed in 65.598 seconds ]
[Info] Pausing for 6 seconds to wait for the cache to be cleared!

[ TEST Random Front-End Performance (64 clients, 60.0 seconds): PUT -> GET (closed loop) ]
[Test isAlive] for localhost:15555
[Test isAlive] for localhost:15556
[Test isAlive] for localhost:15557
[Test isAlive] for localhost:15558
[Test isAlive] for localhost:15559
[Test isAlive] for localhost:15560
[Test isAlive] for localhost:15561
[Test isAlive] for localhost:15562
[Test isAlive] for localhost:15563
[Test isAlive] for localhost:15564
[Test isAlive] for localhost:15565
[Test isAlive] for localhost:15566
[Test isAlive] for localhost:15568
[Test isAlive] for localhost:15570
[Test isAlive] for localhost:15569
[Test isAlive] for localhost:15567
[Test isAlive] for localhost:15571
[Test isAlive] for localhost:15572
[Test isAlive] for localhost:15574
[Test isAlive] for localhost:15573
[ ... Completed in 0.005 seconds ]
TEST_PASSED
[ CPU load (loadavg, last one minute) 20.52 ]
Stage 1 Random Front-End Performance: Test Status: TEST_PASSED
Clients: 64
Total Requests (without replies): 1418991
Total Requests (including replies): 1419054
Successful Responses: 1418991
Timeout Responses: 0
Total Failed Responses: 0
% Success: 100.0
% Timeout: 0.0
% Failed: 0.0
Response Time (Successful requests):
[max] 95ms, [min] 0ms
[avg] 2.671930970668595 ms, [stdev] 3.3100315862459766ms
Throughput: 23647.879343388053 requests per second
Goodput: 23647.879343388053 requests per second
Retry Rate (Successful requests): 1.0000443977445945
Sending WIPE-OUT to all servers...
[ ... Completed in 0.089 seconds ]
[OK]
Waiting for 5 seconds for the cache to be cleared!
[ ... TEST Completed in 65.543 seconds ]
[Info] Pausing for 6 seconds to wait for the cache to be cleared!

[ TEST Random Front-End Performance (128 clients, 60.0 seconds): PUT -> GET (closed loop) ]
[Test isAlive] for localhost:15556
[Test isAlive] for localhost:15555
[Test isAlive] for localhost:15557
[Test isAlive] for localhost:15558
[Test isAlive] for localhost:15559
[Test isAlive] for localhost:15560
[Test isAlive] for localhost:15561
[Test isAlive] for localhost:15562
[Test isAlive] for localhost:15563
[Test isAlive] for localhost:15564
[Test isAlive] for localhost:15565
[Test isAlive] for localhost:15566
[Test isAlive] for localhost:15567
[Test isAlive] for localhost:15568
[Test isAlive] for localhost:15569
[Test isAlive] for localhost:15570
[Test isAlive] for localhost:15572
[Test isAlive] for localhost:15571
[Test isAlive] for localhost:15573
[Test isAlive] for localhost:15574
[ ... Completed in 0.004 seconds ]
TEST_PASSED
[ CPU load (loadavg, last one minute) 20.44 ]
Stage 1 Random Front-End Performance: Test Status: TEST_PASSED
Clients: 128
Total Requests (without replies): 1501126
Total Requests (including replies): 1503522
Successful Responses: 1501126
Timeout Responses: 0
Total Failed Responses: 0
% Success: 100.0
% Timeout: 0.0
% Failed: 0.0
Response Time (Successful requests):
[max] 121ms, [min] 0ms
[avg] 5.069327291646404 ms, [stdev] 6.279801554544096ms
Throughput: 25015.848151049046 requests per second
Goodput: 25015.848151049046 requests per second
Retry Rate (Successful requests): 1.0015961351678673
Sending WIPE-OUT to all servers...
[ ... Completed in 0.086 seconds ]
[OK]
Waiting for 5 seconds for the cache to be cleared!
[ ... TEST Completed in 65.596 seconds ]
[Info] Pausing for 6 seconds to wait for the cache to be cleared!

[ TEST Random Front-End Performance (256 clients, 60.0 seconds): PUT -> GET (closed loop) ]
[Test isAlive] for localhost:15555
[Test isAlive] for localhost:15556
[Test isAlive] for localhost:15557
[Test isAlive] for localhost:15558
[Test isAlive] for localhost:15559
[Test isAlive] for localhost:15560
[Test isAlive] for localhost:15561
[Test isAlive] for localhost:15564
[Test isAlive] for localhost:15563
[Test isAlive] for localhost:15562
[Test isAlive] for localhost:15566
[Test isAlive] for localhost:15565
[Test isAlive] for localhost:15567
[Test isAlive] for localhost:15568
[Test isAlive] for localhost:15569
[Test isAlive] for localhost:15570
[Test isAlive] for localhost:15571
[Test isAlive] for localhost:15572
[Test isAlive] for localhost:15574
[Test isAlive] for localhost:15573
[ ... Completed in 0.004 seconds ]
TEST_PASSED
[ CPU load (loadavg, last one minute) 25.69 ]
Stage 1 Random Front-End Performance: Test Status: TEST_PASSED
Clients: 256
Total Requests (without replies): 1279637
Total Requests (including replies): 1347101
Successful Responses: 1279637
Timeout Responses: 0
Total Failed Responses: 0
% Success: 100.0
% Timeout: 0.0
% Failed: 0.0
Response Time (Successful requests):
[max] 301ms, [min] 0ms
[avg] 11.841226066454784 ms, [stdev] 16.370972157122413ms
Throughput: 21323.018729587417 requests per second
Goodput: 21323.018729587417 requests per second
Retry Rate (Successful requests): 1.0527212014032103
Sending WIPE-OUT to all servers...
[ ... Completed in 0.089 seconds ]
[OK]
Waiting for 5 seconds for the cache to be cleared!
[ ... TEST Completed in 65.549 seconds ]
[Info] Pausing for 6 seconds to wait for the cache to be cleared!

[ TEST Concurrent Store/Load v2; Stage 0; (Clients = 32, Limit = 40000 PUTs) ]
Issuing PUTS ... 
[DONE in 2.479s]
[Info] Concurrent Store/Load v2; Stage 0; PUT Phase; Of 40000 stored keys: 40000 SUCCESS, 0 TIMEOUT, 0 KEY-NOT-FOUND, 0 ERROR-UID, 0 ERROR-INVALID-GET (value or version), 0 ERROR-OTHER.
[Info] Concurrent Store/Load v2; Stage 0; PUT Phase; Expected Key Loss: 0.0%. Actual Key Loss: 0.0%
[Info] Concurrent Store/Load v2; Stage 0; PUT Phase; Total Value Size (MiB): 19.17172145843506 MiB.
[Info] Concurrent Store/Load v2; Stage 0; PUT Phase; SUCCESS Response Count: 40000.0.
[Info] Concurrent Store/Load v2; Stage 0; PUT Phase; % SUCCESS: 100.0%.
[Info] Concurrent Store/Load v2; Stage 0; PUT Phase; % FAILED (Not SUCCESS): 0.0%.
[Info] Concurrent Store/Load v2; Stage 0; PUT Phase; % TIMEOUT: 0.0%.
[Info] Concurrent Store/Load v2; Stage 0; PUT Phase; % KEY-NOT-FOUND: 0.0%.
[Info] Concurrent Store/Load v2; Stage 0; PUT Phase; % ERROR-UID: 0.0%.
[Info] Concurrent Store/Load v2; Stage 0; PUT Phase; % ERROR-INVALID-GET (value or version): 0.0%.
[Info] Concurrent Store/Load v2; Stage 0; PUT Phase; % ERROR-OTHER: 0.0%.
[Info] PUTs % SUCCESS Ok: 100.0% Success.(90.0% minimum required).
Confirming keys were stored correctly.
Issuing GETs ... 
[DONE in 3.159s]
[Info] Concurrent Store/Load v2; Stage 0; GET Phase; Of 40000 stored keys: 40000 SUCCESS, 0 TIMEOUT, 0 KEY-NOT-FOUND, 0 ERROR-UID, 0 ERROR-INVALID-GET (value or version), 0 ERROR-OTHER.
[Info] Concurrent Store/Load v2; Stage 0; GET Phase; Expected Key Loss: 0.0%. Actual Key Loss: 0.0%
[Info] Concurrent Store/Load v2; Stage 0; GET Phase; Total Value Size (MiB): 19.17172145843506 MiB.
[Info] Concurrent Store/Load v2; Stage 0; GET Phase; SUCCESS Response Count: 40000.0.
[Info] Concurrent Store/Load v2; Stage 0; GET Phase; % SUCCESS: 100.0%.
[Info] Concurrent Store/Load v2; Stage 0; GET Phase; % FAILED (Not SUCCESS): 0.0%.
[Info] Concurrent Store/Load v2; Stage 0; GET Phase; % TIMEOUT: 0.0%.
[Info] Concurrent Store/Load v2; Stage 0; GET Phase; % KEY-NOT-FOUND: 0.0%.
[Info] Concurrent Store/Load v2; Stage 0; GET Phase; % ERROR-UID: 0.0%.
[Info] Concurrent Store/Load v2; Stage 0; GET Phase; % ERROR-INVALID-GET (value or version): 0.0%.
[Info] Concurrent Store/Load v2; Stage 0; GET Phase; % ERROR-OTHER: 0.0%.
[Info] GETs % SUCCESS Ok: 100.0% Success.(90.0% minimum required).
Checking that 20 nodes are alive
[Test isAlive] for localhost:15555
[Test isAlive] for localhost:15556
[Test isAlive] for localhost:15557
[Test isAlive] for localhost:15558
[Test isAlive] for localhost:15559
[Test isAlive] for localhost:15560
[Test isAlive] for localhost:15561
[Test isAlive] for localhost:15562
[Test isAlive] for localhost:15563
[Test isAlive] for localhost:15564
[Test isAlive] for localhost:15565
[Test isAlive] for localhost:15566
[Test isAlive] for localhost:15567
[Test isAlive] for localhost:15568
[Test isAlive] for localhost:15569
[Test isAlive] for localhost:15570
[Test isAlive] for localhost:15571
[Test isAlive] for localhost:15572
[Test isAlive] for localhost:15573
[Test isAlive] for localhost:15574
[ ... Completed in 0.214 seconds ]
TEST_PASSED
[ ... TEST Completed in 5.903 seconds ]

[Info] Preparing for Stage 1 of the Suspend Test
[Info] To suspend 6 node(s) in Stage 1.
[Info] Will suspend localhost:15566
[Info] Will suspend localhost:15570
[Info] Will suspend localhost:15574
[Info] Will suspend localhost:15558
[Info] Will suspend localhost:15560
[Info] Will suspend localhost:15557
[Info] Will keep alive localhost:15562
[Info] Will keep alive localhost:15573
[Info] Will keep alive localhost:15567
[Info] Will keep alive localhost:15556
[Info] Will keep alive localhost:15565
[Info] Will keep alive localhost:15569
[Info] Will keep alive localhost:15563
[Info] Will keep alive localhost:15564
[Info] Will keep alive localhost:15571
[Info] Will keep alive localhost:15572
[Info] Will keep alive localhost:15555
[Info] Will keep alive localhost:15568
[Info] Will keep alive localhost:15561
[Info] Will keep alive localhost:15559
Waiting 10 seconds before suspending nodes
[Info] Suspending 6 servers.
[ ... Completed in 0.006 seconds ]
Waiting 60 seconds after suspending nodes
[Info] Stage 1 Scenario: Alive Nodes: 14. Dead Nodes: 6


[ TEST Suspend Verify v2; Stage 1; Key Recovery; ]
Checking that 6 nodes are suspended
[Test isAlive] for localhost:15566
[Test isAlive] for localhost:15574
[Test isAlive] for localhost:15558
[Test isAlive] for localhost:15570
[Test isAlive] for localhost:15560
[Test isAlive] for localhost:15557
[ ... Completed in 10.006 seconds ]
Checking that 14 nodes are alive
[Test isAlive] for localhost:15562
[Test isAlive] for localhost:15567
[Test isAlive] for localhost:15573
[Test isAlive] for localhost:15565
[Test isAlive] for localhost:15556
[Test isAlive] for localhost:15569
[Test isAlive] for localhost:15563
[Test isAlive] for localhost:15564
[Test isAlive] for localhost:15571
[Test isAlive] for localhost:15572
[Test isAlive] for localhost:15555
[Test isAlive] for localhost:15568
[Test isAlive] for localhost:15559
[Test isAlive] for localhost:15561
[ ... Completed in 0.004 seconds ]
Sending GetMembershipCount to all servers... 
[Info] Server localhost:15573 replied with membership count = 14 (expected count = 14)
[Info] Server localhost:15565 replied with membership count = 14 (expected count = 14)
[Info] Server localhost:15563 replied with membership count = 14 (expected count = 14)
[Info] Server localhost:15564 replied with membership count = 14 (expected count = 14)
[Info] Server localhost:15556 replied with membership count = 14 (expected count = 14)
[Info] Server localhost:15571 replied with membership count = 14 (expected count = 14)
[Info] Server localhost:15569 replied with membership count = 14 (expected count = 14)
[Info] Server localhost:15567 replied with membership count = 14 (expected count = 14)
[Info] Server localhost:15562 replied with membership count = 14 (expected count = 14)
[Info] Server localhost:15572 replied with membership count = 14 (expected count = 14)
[Info] Server localhost:15555 replied with membership count = 14 (expected count = 14)
[Info] Server localhost:15559 replied with membership count = 14 (expected count = 14)
[Info] Server localhost:15561 replied with membership count = 14 (expected count = 14)
[Info] Server localhost:15568 replied with membership count = 14 (expected count = 14)
[ ... Completed in 0.005 seconds ]
[Ok] All servers returned the expected membership count (14)
Attempting retrieval of keys... 
Issuing GETs ... 
[DONE in 2.242s]
[Info] Suspend Verify v2; Stage 1; Key Recovery; Of 40000 stored keys: 28751 SUCCESS, 0 TIMEOUT, 11249 KEY-NOT-FOUND, 0 ERROR-UID, 0 ERROR-INVALID-GET (value or version), 0 ERROR-OTHER.
[Info] Suspend Verify v2; Stage 1; Key Recovery; Expected Key Loss: 30.0%. Actual Key Loss: 28.1225%
[Info] Suspend Verify v2; Stage 1; Key Recovery; Total Value Size (MiB): 13.753707885742188 MiB.
[Info] Suspend Verify v2; Stage 1; Key Recovery; SUCCESS Response Count: 28751.0.
[Info] Suspend Verify v2; Stage 1; Key Recovery; % SUCCESS: 71.8775%.
[Info] Suspend Verify v2; Stage 1; Key Recovery; % FAILED (Not SUCCESS): 28.1225%.
[Info] Suspend Verify v2; Stage 1; Key Recovery; % TIMEOUT: 0.0%.
[Info] Suspend Verify v2; Stage 1; Key Recovery; % KEY-NOT-FOUND: 28.1225%.
[Info] Suspend Verify v2; Stage 1; Key Recovery; % ERROR-UID: 0.0%.
[Info] Suspend Verify v2; Stage 1; Key Recovery; % ERROR-INVALID-GET (value or version): 0.0%.
[Info] Suspend Verify v2; Stage 1; Key Recovery; % ERROR-OTHER: 0.0%.
[Info] Minimum GET SUCCESS % Ok: 71.8775% Success.(70.0% SUCCESS expected, 10.0% minimum required).
TEST_PASSED
[ ... TEST Completed in 12.26 seconds ]

[Info] Preparing for Stage 2 of the Suspend/Resume Test
[Info] To resume 3 node(s) in Stage 2.
[Info] Will resume localhost:15560
[Info] Will resume localhost:15570
[Info] Will resume localhost:15566
[Info] Will keep suspended localhost:15557
[Info] Will keep suspended localhost:15558
[Info] Will keep suspended localhost:15574
Waiting 10 seconds before resuming nodes
[Info] Resuming 3 servers.
[ ... Completed in 0.029 seconds ]
Waiting 60 seconds after resuming nodes
[Info] Stage 2 Scenario: Alive Nodes: 17. Dead Nodes: 3


[ TEST Suspend Verify v2; Stage 2; Key Recovery; ]
Checking that 3 nodes are suspended
[Test isAlive] for localhost:15557
[Test isAlive] for localhost:15574
[Test isAlive] for localhost:15558
[ ... Completed in 10.004 seconds ]
Checking that 17 nodes are alive
[Test isAlive] for localhost:15560
[Test isAlive] for localhost:15570
[Test isAlive] for localhost:15566
[Test isAlive] for localhost:15561
[Test isAlive] for localhost:15567
[Test isAlive] for localhost:15572
[Test isAlive] for localhost:15569
[Test isAlive] for localhost:15562
[Test isAlive] for localhost:15568
[Test isAlive] for localhost:15556
[Test isAlive] for localhost:15559
[Test isAlive] for localhost:15565
[Test isAlive] for localhost:15573
[Test isAlive] for localhost:15564
[Test isAlive] for localhost:15571
[Test isAlive] for localhost:15563
[Test isAlive] for localhost:15555
[ ... Completed in 0.004 seconds ]
Sending GetMembershipCount to all servers... 
[Info] Server localhost:15560 replied with membership count = 17 (expected count = 17)
[Info] Server localhost:15566 replied with membership count = 17 (expected count = 17)
[Info] Server localhost:15570 replied with membership count = 17 (expected count = 17)
[Info] Server localhost:15567 replied with membership count = 17 (expected count = 17)
[Info] Server localhost:15572 replied with membership count = 17 (expected count = 17)
[Info] Server localhost:15561 replied with membership count = 17 (expected count = 17)
[Info] Server localhost:15573 replied with membership count = 17 (expected count = 17)
[Info] Server localhost:15569 replied with membership count = 17 (expected count = 17)
[Info] Server localhost:15562 replied with membership count = 17 (expected count = 17)
[Info] Server localhost:15564 replied with membership count = 17 (expected count = 17)
[Info] Server localhost:15565 replied with membership count = 17 (expected count = 17)
[Info] Server localhost:15568 replied with membership count = 17 (expected count = 17)
[Info] Server localhost:15556 replied with membership count = 17 (expected count = 17)
[Info] Server localhost:15571 replied with membership count = 17 (expected count = 17)
[Info] Server localhost:15555 replied with membership count = 17 (expected count = 17)
[Info] Server localhost:15559 replied with membership count = 17 (expected count = 17)
[Info] Server localhost:15563 replied with membership count = 17 (expected count = 17)
[ ... Completed in 0.004 seconds ]
[Ok] All servers returned the expected membership count (17)
Attempting retrieval of keys... 
Issuing GETs ... 
[DONE in 2.056s]
[Info] Suspend Verify v2; Stage 2; Key Recovery; Of 40000 stored keys: 34376 SUCCESS, 0 TIMEOUT, 5624 KEY-NOT-FOUND, 0 ERROR-UID, 0 ERROR-INVALID-GET (value or version), 0 ERROR-OTHER.
[Info] Suspend Verify v2; Stage 2; Key Recovery; Expected Key Loss: 15.0%. Actual Key Loss: 14.06%
[Info] Suspend Verify v2; Stage 2; Key Recovery; Total Value Size (MiB): 16.447492599487305 MiB.
[Info] Suspend Verify v2; Stage 2; Key Recovery; SUCCESS Response Count: 34376.0.
[Info] Suspend Verify v2; Stage 2; Key Recovery; % SUCCESS: 85.94%.
[Info] Suspend Verify v2; Stage 2; Key Recovery; % FAILED (Not SUCCESS): 14.06%.
[Info] Suspend Verify v2; Stage 2; Key Recovery; % TIMEOUT: 0.0%.
[Info] Suspend Verify v2; Stage 2; Key Recovery; % KEY-NOT-FOUND: 14.06%.
[Info] Suspend Verify v2; Stage 2; Key Recovery; % ERROR-UID: 0.0%.
[Info] Suspend Verify v2; Stage 2; Key Recovery; % ERROR-INVALID-GET (value or version): 0.0%.
[Info] Suspend Verify v2; Stage 2; Key Recovery; % ERROR-OTHER: 0.0%.
[Info] Minimum GET SUCCESS % Ok: 85.94% Success.(85.0% SUCCESS expected, 10.0% minimum required).
TEST_PASSED
[ ... TEST Completed in 12.069 seconds ]
Sending WIPE-OUT to all servers...
[ ... Completed in 0.27 seconds ]
[OK]
Waiting for 5 seconds for the cache to be cleared!
[ ... TEST Completed in 5.27 seconds ]
Pausing for 6 seconds to wait for the cache to be cleared!

Sending GetMembershipCount to all servers... 
[Info] Server localhost:15566 replied with membership count = 17 (expected count = 17)
[Info] Server localhost:15560 replied with membership count = 17 (expected count = 17)
[Info] Server localhost:15570 replied with membership count = 17 (expected count = 17)
[Info] Server localhost:15572 replied with membership count = 17 (expected count = 17)
[Info] Server localhost:15567 replied with membership count = 17 (expected count = 17)
[Info] Server localhost:15561 replied with membership count = 17 (expected count = 17)
[Info] Server localhost:15569 replied with membership count = 17 (expected count = 17)
[Info] Server localhost:15573 replied with membership count = 17 (expected count = 17)
[Info] Server localhost:15564 replied with membership count = 17 (expected count = 17)
[Info] Server localhost:15562 replied with membership count = 17 (expected count = 17)
[Info] Server localhost:15559 replied with membership count = 17 (expected count = 17)
[Info] Server localhost:15568 replied with membership count = 17 (expected count = 17)
[Info] Server localhost:15563 replied with membership count = 17 (expected count = 17)
[Info] Server localhost:15556 replied with membership count = 17 (expected count = 17)
[Info] Server localhost:15565 replied with membership count = 17 (expected count = 17)
[Info] Server localhost:15571 replied with membership count = 17 (expected count = 17)
[Info] Server localhost:15555 replied with membership count = 17 (expected count = 17)
[ ... Completed in 0.003 seconds ]
[Ok] All servers returned the expected membership count (17)
[ ... TEST Completed in 0.003 seconds ]

[ TEST Random Front-End Basic (PUT -> GET -> REM -> REM -> GET). Value Length = 8 Bytes ]
TEST_PASSED

[ TEST Random Front-End Basic (PUT -> GET -> REM -> REM -> GET). Value Length = 32 Bytes ]
TEST_PASSED

[ TEST Random Front-End Basic (PUT -> GET -> REM -> REM -> GET). Value Length = 512 Bytes ]
TEST_PASSED

[ TEST Random Front-End Basic (PUT -> GET -> REM -> REM -> GET). Value Length = 1024 Bytes ]
TEST_PASSED
[ ... TEST Completed in 0.005 seconds ]
Sending WIPE-OUT to all servers...
[ ... Completed in 0.094 seconds ]
[OK]
Waiting for 5 seconds for the cache to be cleared!

[ TEST Single Front-End Performance (1 clients, 60.0 seconds): PUT -> GET (closed loop) ]
[Test isAlive] for localhost:15560
[ ... Completed in 0.001 seconds ]
Stage 2 Single Front-End: Test Status: TEST_PASSED
Clients: 1
Total Requests (without replies): 505830
Total Requests (including replies): 505830
Successful Responses: 505830
Timeout Responses: 0
Total Failed Responses: 0
% Success: 100.0
% Timeout: 0.0
% Failed: 0.0
Response Time (Successful requests):
[max] 8ms, [min] 0ms
[avg] 0.09919933574521084 ms, [stdev] 0.30482344944504514ms
Throughput: 8430.359494008433 requests per second
Goodput: 8430.359494008433 requests per second
Retry Rate (Successful requests): 1.0
Sending WIPE-OUT to all servers...
[ ... Completed in 0.105 seconds ]
[OK]
Waiting for 5 seconds for the cache to be cleared!
[ ... TEST Completed in 65.254 seconds ]
[Info] Pausing for 6 seconds to wait for the cache to be cleared!

[ TEST Single Front-End Performance (16 clients, 60.0 seconds): PUT -> GET (closed loop) ]
[Test isAlive] for localhost:15560
[ ... Completed in 0.0 seconds ]
Stage 2 Single Front-End: Test Status: TEST_PASSED
Clients: 16
Total Requests (without replies): 1509112
Total Requests (including replies): 1509112
Successful Responses: 1509112
Timeout Responses: 0
Total Failed Responses: 0
% Success: 100.0
% Timeout: 0.0
% Failed: 0.0
Response Time (Successful requests):
[max] 21ms, [min] 0ms
[avg] 0.5939075429789175 ms, [stdev] 0.6453642907580166ms
Throughput: 25151.4474758754 requests per second
Goodput: 25151.4474758754 requests per second
Retry Rate (Successful requests): 1.0
Sending WIPE-OUT to all servers...
[ ... Completed in 0.107 seconds ]
[OK]
Waiting for 5 seconds for the cache to be cleared!
[ ... TEST Completed in 65.569 seconds ]
[Info] Pausing for 6 seconds to wait for the cache to be cleared!

[ TEST Single Front-End Performance (32 clients, 60.0 seconds): PUT -> GET (closed loop) ]
[Test isAlive] for localhost:15560
[ ... Completed in 0.001 seconds ]
Stage 2 Single Front-End: Test Status: TEST_PASSED
Clients: 32
Total Requests (without replies): 1591968
Total Requests (including replies): 1591968
Successful Responses: 1591968
Timeout Responses: 0
Total Failed Responses: 0
% Success: 100.0
% Timeout: 0.0
% Failed: 0.0
Response Time (Successful requests):
[max] 59ms, [min] 0ms
[avg] 1.1768465195280307 ms, [stdev] 0.8116855309460662ms
Throughput: 26532.357794036765 requests per second
Goodput: 26532.357794036765 requests per second
Retry Rate (Successful requests): 1.0
Sending WIPE-OUT to all servers...
[ ... Completed in 0.092 seconds ]
[OK]
Waiting for 5 seconds for the cache to be cleared!
[ ... TEST Completed in 65.583 seconds ]
[Info] Pausing for 6 seconds to wait for the cache to be cleared!

[ TEST Single Front-End Performance (64 clients, 60.0 seconds): PUT -> GET (closed loop) ]
[Test isAlive] for localhost:15560
[ ... Completed in 0.0 seconds ]
Stage 2 Single Front-End: Test Status: TEST_PASSED
Clients: 64
Total Requests (without replies): 1659999
Total Requests (including replies): 1660020
Successful Responses: 1659999
Timeout Responses: 0
Total Failed Responses: 0
% Success: 100.0
% Timeout: 0.0
% Failed: 0.0
Response Time (Successful requests):
[max] 62ms, [min] 0ms
[avg] 2.283498363553231 ms, [stdev] 1.2375588624536116ms
Throughput: 27665.26673666317 requests per second
Goodput: 27665.26673666317 requests per second
Retry Rate (Successful requests): 1.0000126506100304
Sending WIPE-OUT to all servers...
[ ... Completed in 0.081 seconds ]
[OK]
Waiting for 5 seconds for the cache to be cleared!
[ ... TEST Completed in 65.625 seconds ]
[Info] Pausing for 6 seconds to wait for the cache to be cleared!

[ TEST Single Front-End Performance (128 clients, 60.0 seconds): PUT -> GET (closed loop) ]
[Test isAlive] for localhost:15560
[ ... Completed in 0.001 seconds ]
Stage 2 Single Front-End: Test Status: TEST_PASSED
Clients: 128
Total Requests (without replies): 1704030
Total Requests (including replies): 1704059
Successful Responses: 1704030
Timeout Responses: 0
Total Failed Responses: 0
% Success: 100.0
% Timeout: 0.0
% Failed: 0.0
Response Time (Successful requests):
[max] 70ms, [min] 0ms
[avg] 4.466123249003832 ms, [stdev] 1.7667973614405494ms
Throughput: 28397.660233976603 requests per second
Goodput: 28397.660233976603 requests per second
Retry Rate (Successful requests): 1.0000170184797217
Sending WIPE-OUT to all servers...
[ ... Completed in 0.099 seconds ]
[OK]
Waiting for 5 seconds for the cache to be cleared!
[ ... TEST Completed in 65.721 seconds ]
[Info] Pausing for 6 seconds to wait for the cache to be cleared!

[ TEST Single Front-End Performance (256 clients, 60.0 seconds): PUT -> GET (closed loop) ]
[Test isAlive] for localhost:15560
[ ... Completed in 0.001 seconds ]
Stage 2 Single Front-End: Test Status: TEST_PASSED
Clients: 256
Total Requests (without replies): 1667270
Total Requests (including replies): 1712843
Successful Responses: 1667270
Timeout Responses: 0
Total Failed Responses: 0
% Success: 100.0
% Timeout: 0.0
% Failed: 0.0
Response Time (Successful requests):
[max] 303ms, [min] 0ms
[avg] 9.153241526567383 ms, [stdev] 8.607970327804653ms
Throughput: 27783.665783465814 requests per second
Goodput: 27783.665783465814 requests per second
Retry Rate (Successful requests): 1.0273339051263444
Sending WIPE-OUT to all servers...
[ ... Completed in 0.083 seconds ]
[OK]
Waiting for 5 seconds for the cache to be cleared!
[ ... TEST Completed in 65.629 seconds ]
[Info] Pausing for 6 seconds to wait for the cache to be cleared!

[ TEST Random Front-End Performance (1 clients, 60.0 seconds): PUT -> GET (closed loop) ]
[Test isAlive] for localhost:15560
[Test isAlive] for localhost:15566
[Test isAlive] for localhost:15570
[Test isAlive] for localhost:15567
[Test isAlive] for localhost:15572
[Test isAlive] for localhost:15561
[Test isAlive] for localhost:15569
[Test isAlive] for localhost:15573
[Test isAlive] for localhost:15562
[Test isAlive] for localhost:15564
[Test isAlive] for localhost:15559
[Test isAlive] for localhost:15568
[Test isAlive] for localhost:15565
[Test isAlive] for localhost:15556
[Test isAlive] for localhost:15563
[Test isAlive] for localhost:15555
[Test isAlive] for localhost:15571
[ ... Completed in 0.003 seconds ]
TEST_PASSED
Stage 2 Random Front-End: Test Status: TEST_PASSED
Clients: 1
Total Requests (without replies): 477024
Total Requests (including replies): 477024
Successful Responses: 477024
Timeout Responses: 0
Total Failed Responses: 0
% Success: 100.0
% Timeout: 0.0
% Failed: 0.0
Response Time (Successful requests):
[max] 62ms, [min] 0ms
[avg] 0.10540559804118871 ms, [stdev] 0.3288965892229426ms
Throughput: 7950.267495541741 requests per second
Goodput: 7950.267495541741 requests per second
Retry Rate (Successful requests): 1.0
Sending WIPE-OUT to all servers...
[ ... Completed in 0.071 seconds ]
[OK]
Waiting for 5 seconds for the cache to be cleared!
[ ... TEST Completed in 65.236 seconds ]
[Info] Pausing for 6 seconds to wait for the cache to be cleared!

[ TEST Random Front-End Performance (16 clients, 60.0 seconds): PUT -> GET (closed loop) ]
[Test isAlive] for localhost:15560
[Test isAlive] for localhost:15570
[Test isAlive] for localhost:15567
[Test isAlive] for localhost:15572
[Test isAlive] for localhost:15561
[Test isAlive] for localhost:15566
[Test isAlive] for localhost:15573
[Test isAlive] for localhost:15569
[Test isAlive] for localhost:15559
[Test isAlive] for localhost:15562
[Test isAlive] for localhost:15564
[Test isAlive] for localhost:15568
[Test isAlive] for localhost:15565
[Test isAlive] for localhost:15556
[Test isAlive] for localhost:15563
[Test isAlive] for localhost:15555
[Test isAlive] for localhost:15571
[ ... Completed in 0.003 seconds ]
TEST_PASSED
Stage 2 Random Front-End: Test Status: TEST_PASSED
Clients: 16
Total Requests (without replies): 1366605
Total Requests (including replies): 1366605
Successful Responses: 1366605
Timeout Responses: 0
Total Failed Responses: 0
% Success: 100.0
% Timeout: 0.0
% Failed: 0.0
Response Time (Successful requests):
[max] 43ms, [min] 0ms
[avg] 0.5722297225606521 ms, [stdev] 0.8133365263798362ms
Throughput: 22776.370393826768 requests per second
Goodput: 22776.370393826768 requests per second
Retry Rate (Successful requests): 1.0
Sending WIPE-OUT to all servers...
[ ... Completed in 0.075 seconds ]
[OK]
Waiting for 5 seconds for the cache to be cleared!
[ ... TEST Completed in 65.499 seconds ]
[Info] Pausing for 6 seconds to wait for the cache to be cleared!

[ TEST Random Front-End Performance (32 clients, 60.0 seconds): PUT -> GET (closed loop) ]
[Test isAlive] for localhost:15560
[Test isAlive] for localhost:15570
[Test isAlive] for localhost:15566
[Test isAlive] for localhost:15567
[Test isAlive] for localhost:15572
[Test isAlive] for localhost:15561
[Test isAlive] for localhost:15573
[Test isAlive] for localhost:15562
[Test isAlive] for localhost:15569
[Test isAlive] for localhost:15564
[Test isAlive] for localhost:15559
[Test isAlive] for localhost:15568
[Test isAlive] for localhost:15565
[Test isAlive] for localhost:15563
[Test isAlive] for localhost:15555
[Test isAlive] for localhost:15556
[Test isAlive] for localhost:15571
[ ... Completed in 0.003 seconds ]
TEST_PASSED
[ CPU load (loadavg, last one minute) 15.62 ]
Stage 2 Random Front-End: Test Status: TEST_PASSED
Clients: 32
Total Requests (without replies): 1362416
Total Requests (including replies): 1362416
Successful Responses: 1362416
Timeout Responses: 0
Total Failed Responses: 0
% Success: 100.0
% Timeout: 0.0
% Failed: 0.0
Response Time (Successful requests):
[max] 61ms, [min] 0ms
[avg] 1.2975243978344353 ms, [stdev] 1.7848622369963016ms
Throughput: 22703.90614584722 requests per second
Goodput: 22703.90614584722 requests per second
Retry Rate (Successful requests): 1.0
Sending WIPE-OUT to all servers...
[ ... Completed in 0.093 seconds ]
[OK]
Waiting for 5 seconds for the cache to be cleared!
[ ... TEST Completed in 65.593 seconds ]
[Info] Pausing for 6 seconds to wait for the cache to be cleared!

[ TEST Random Front-End Performance (64 clients, 60.0 seconds): PUT -> GET (closed loop) ]
[Test isAlive] for localhost:15560
[Test isAlive] for localhost:15570
[Test isAlive] for localhost:15566
[Test isAlive] for localhost:15572
[Test isAlive] for localhost:15567
[Test isAlive] for localhost:15561
[Test isAlive] for localhost:15573
[Test isAlive] for localhost:15569
[Test isAlive] for localhost:15562
[Test isAlive] for localhost:15564
[Test isAlive] for localhost:15559
[Test isAlive] for localhost:15568
[Test isAlive] for localhost:15565
[Test isAlive] for localhost:15556
[Test isAlive] for localhost:15563
[Test isAlive] for localhost:15571
[Test isAlive] for localhost:15555
[ ... Completed in 0.005 seconds ]
TEST_PASSED
[ CPU load (loadavg, last one minute) 16.84 ]
Stage 2 Random Front-End: Test Status: TEST_PASSED
Clients: 64
Total Requests (without replies): 1468554
Total Requests (including replies): 1468590
Successful Responses: 1468554
Timeout Responses: 0
Total Failed Responses: 0
% Success: 100.0
% Timeout: 0.0
% Failed: 0.0
Response Time (Successful requests):
[max] 83ms, [min] 0ms
[avg] 2.574113039084705 ms, [stdev] 3.293618051014632ms
Throughput: 24474.676266186692 requests per second
Goodput: 24474.676266186692 requests per second
Retry Rate (Successful requests): 1.000024513909601
Sending WIPE-OUT to all servers...
[ ... Completed in 0.08 seconds ]
[OK]
Waiting for 5 seconds for the cache to be cleared!
[ ... TEST Completed in 65.544 seconds ]
[Info] Pausing for 6 seconds to wait for the cache to be cleared!

[ TEST Random Front-End Performance (128 clients, 60.0 seconds): PUT -> GET (closed loop) ]
[Test isAlive] for localhost:15560
[Test isAlive] for localhost:15570
[Test isAlive] for localhost:15561
[Test isAlive] for localhost:15567
[Test isAlive] for localhost:15572
[Test isAlive] for localhost:15566
[Test isAlive] for localhost:15573
[Test isAlive] for localhost:15569
[Test isAlive] for localhost:15562
[Test isAlive] for localhost:15564
[Test isAlive] for localhost:15559
[Test isAlive] for localhost:15568
[Test isAlive] for localhost:15565
[Test isAlive] for localhost:15556
[Test isAlive] for localhost:15563
[Test isAlive] for localhost:15571
[Test isAlive] for localhost:15555
[ ... Completed in 0.004 seconds ]
TEST_PASSED
[ CPU load (loadavg, last one minute) 18.88 ]
Stage 2 Random Front-End: Test Status: TEST_PASSED
Clients: 128
Total Requests (without replies): 1530641
Total Requests (including replies): 1532822
Successful Responses: 1530641
Timeout Responses: 0
Total Failed Responses: 0
% Success: 100.0
% Timeout: 0.0
% Failed: 0.0
Response Time (Successful requests):
[max] 96ms, [min] 0ms
[avg] 4.980744015089103 ms, [stdev] 6.392157337208218ms
Throughput: 25508.98273448437 requests per second
Goodput: 25508.98273448437 requests per second
Retry Rate (Successful requests): 1.001424893231006
Sending WIPE-OUT to all servers...
[ ... Completed in 0.078 seconds ]
[OK]
Waiting for 5 seconds for the cache to be cleared!
[ ... TEST Completed in 65.581 seconds ]
[Info] Pausing for 6 seconds to wait for the cache to be cleared!

[ TEST Random Front-End Performance (256 clients, 60.0 seconds): PUT -> GET (closed loop) ]
[Test isAlive] for localhost:15560
[Test isAlive] for localhost:15570
[Test isAlive] for localhost:15566
[Test isAlive] for localhost:15567
[Test isAlive] for localhost:15572
[Test isAlive] for localhost:15561
[Test isAlive] for localhost:15573
[Test isAlive] for localhost:15569
[Test isAlive] for localhost:15562
[Test isAlive] for localhost:15564
[Test isAlive] for localhost:15559
[Test isAlive] for localhost:15568
[Test isAlive] for localhost:15565
[Test isAlive] for localhost:15556
[Test isAlive] for localhost:15563
[Test isAlive] for localhost:15571
[Test isAlive] for localhost:15555
[ ... Completed in 0.003 seconds ]
TEST_PASSED
[ CPU load (loadavg, last one minute) 22.83 ]
Stage 2 Random Front-End: Test Status: TEST_PASSED
Clients: 256
Total Requests (without replies): 1339251
Total Requests (including replies): 1402432
Successful Responses: 1339251
Timeout Responses: 0
Total Failed Responses: 0
% Success: 100.0
% Timeout: 0.0
% Failed: 0.0
Response Time (Successful requests):
[max] 151ms, [min] 0ms
[avg] 11.374542188133516 ms, [stdev] 14.281986482505937ms
Throughput: 22317.130478253624 requests per second
Goodput: 22317.130478253624 requests per second
Retry Rate (Successful requests): 1.0471763694781635
Sending WIPE-OUT to all servers...
[ ... Completed in 0.084 seconds ]
[OK]
Waiting for 5 seconds for the cache to be cleared!
[ ... TEST Completed in 65.547 seconds ]
[Info] Pausing for 6 seconds to wait for the cache to be cleared!

[Test isAlive] for localhost:15557
[Test isAlive] for localhost:15558
[Test isAlive] for localhost:15574
[ ... Completed in 10.005 seconds ]

Results Summary:
Client Local Hostname : ip-172-31-62-212
Client Local IP : ip-172-31-62-212/172.31.62.212
Concurrent Store/Load v2; Stage 0; : 2.0
Concurrent Store/Load v2; Stage 0; GET Phase; % ERROR-INVALID-GET (value or version) : 0.0
Concurrent Store/Load v2; Stage 0; GET Phase; % ERROR-OTHER : 0.0
Concurrent Store/Load v2; Stage 0; GET Phase; % ERROR-UID : 0.0
Concurrent Store/Load v2; Stage 0; GET Phase; % FAILED (Not SUCCESS) : 0.0
Concurrent Store/Load v2; Stage 0; GET Phase; % KEY-NOT-FOUND : 0.0
Concurrent Store/Load v2; Stage 0; GET Phase; % SUCCESS : 100.0
Concurrent Store/Load v2; Stage 0; GET Phase; % TIMEOUT : 0.0
Concurrent Store/Load v2; Stage 0; GET Phase; SUCCESS Response Count : 40000.0
Concurrent Store/Load v2; Stage 0; GET Phase; Total Value Size (MiB) : 19.17172145843506
Concurrent Store/Load v2; Stage 0; PUT Phase; % ERROR-INVALID-GET (value or version) : 0.0
Concurrent Store/Load v2; Stage 0; PUT Phase; % ERROR-OTHER : 0.0
Concurrent Store/Load v2; Stage 0; PUT Phase; % ERROR-UID : 0.0
Concurrent Store/Load v2; Stage 0; PUT Phase; % FAILED (Not SUCCESS) : 0.0
Concurrent Store/Load v2; Stage 0; PUT Phase; % KEY-NOT-FOUND : 0.0
Concurrent Store/Load v2; Stage 0; PUT Phase; % SUCCESS : 100.0
Concurrent Store/Load v2; Stage 0; PUT Phase; % TIMEOUT : 0.0
Concurrent Store/Load v2; Stage 0; PUT Phase; SUCCESS Response Count : 40000.0
Concurrent Store/Load v2; Stage 0; PUT Phase; Total Value Size (MiB) : 19.17172145843506
Server Count : 20
Server List : localhost_15555_localhost_15556_localhost_15557_localhost_15558_localhost_15559_localhost_15560_localhost_15561_localhost_15562_localhost_15563_localhost_15564_localhost_15565_localhost_15566_localhost_15567_localhost_15568_localhost_15569_localhost_15570_localhost_15571_localhost_15572_localhost_15573_localhost_15574_
Single Front Node (At-Most-Once) Policy : 2.0
Single Front Node At-Most-Once Policy Empty REMs : 2.0
Single Front Node At-Most-Once Policy Error Return Code : 2.0
Single Front Node At-Most-Once Policy Full Test : 2.0
Single Front Node Basic PUT GET  : 2.0
Single Front Node Double PUT with version : 2.0
Single Front Node Double Remove : 2.0
Single Front Node Invalid Command : 2.0
Single Front Node Invalid Key Test : 2.0
Single Front Node Invalid Value Test : 2.0
Single Front Node Remove Operation : 2.0
Stage 1 Random Front-End Basic : 2.0
Stage 1 Random Front-End Performance: 1 Client(s) % Failed : 0.0
Stage 1 Random Front-End Performance: 1 Client(s) % Success : 100.0
Stage 1 Random Front-End Performance: 1 Client(s) % Timeout : 0.0
Stage 1 Random Front-End Performance: 1 Client(s) Average Response Time (ms) : 1.0
Stage 1 Random Front-End Performance: 1 Client(s) Goodput (Requests per Second) : 7315.0
Stage 1 Random Front-End Performance: 1 Client(s) Maximum Response Time (ms) : 73.0
Stage 1 Random Front-End Performance: 1 Client(s) STDEV Response Time (ms) : 1.0
Stage 1 Random Front-End Performance: 1 Client(s) Successful Responses : 438875
Stage 1 Random Front-End Performance: 1 Client(s) Throughput (Requests per Second) : 7315.0
Stage 1 Random Front-End Performance: 1 Client(s) Timeout Responses : 0
Stage 1 Random Front-End Performance: 1 Client(s) Total Failed Responses : 0
Stage 1 Random Front-End Performance: 1 Client(s) Total Requests (including replies) : 438875
Stage 1 Random Front-End Performance: 1 Client(s) Total Requests (without replies) : 438875
Stage 1 Random Front-End Performance: 128 Client(s) % Failed : 0.0
Stage 1 Random Front-End Performance: 128 Client(s) % Success : 100.0
Stage 1 Random Front-End Performance: 128 Client(s) % Timeout : 0.0
Stage 1 Random Front-End Performance: 128 Client(s) Average Response Time (ms) : 6.0
Stage 1 Random Front-End Performance: 128 Client(s) CPU load (loadavg - last one minute) : 20.44
Stage 1 Random Front-End Performance: 128 Client(s) Goodput (Requests per Second) : 25016.0
Stage 1 Random Front-End Performance: 128 Client(s) Maximum Response Time (ms) : 121.0
Stage 1 Random Front-End Performance: 128 Client(s) STDEV Response Time (ms) : 7.0
Stage 1 Random Front-End Performance: 128 Client(s) Successful Responses : 1501126
Stage 1 Random Front-End Performance: 128 Client(s) Throughput (Requests per Second) : 25016.0
Stage 1 Random Front-End Performance: 128 Client(s) Timeout Responses : 0
Stage 1 Random Front-End Performance: 128 Client(s) Total Failed Responses : 0
Stage 1 Random Front-End Performance: 128 Client(s) Total Requests (including replies) : 1503522
Stage 1 Random Front-End Performance: 128 Client(s) Total Requests (without replies) : 1501126
Stage 1 Random Front-End Performance: 16 Client(s) % Failed : 0.0
Stage 1 Random Front-End Performance: 16 Client(s) % Success : 100.0
Stage 1 Random Front-End Performance: 16 Client(s) % Timeout : 0.0
Stage 1 Random Front-End Performance: 16 Client(s) Average Response Time (ms) : 1.0
Stage 1 Random Front-End Performance: 16 Client(s) Goodput (Requests per Second) : 21990.0
Stage 1 Random Front-End Performance: 16 Client(s) Maximum Response Time (ms) : 41.0
Stage 1 Random Front-End Performance: 16 Client(s) STDEV Response Time (ms) : 1.0
Stage 1 Random Front-End Performance: 16 Client(s) Successful Responses : 1319416
Stage 1 Random Front-End Performance: 16 Client(s) Throughput (Requests per Second) : 21990.0
Stage 1 Random Front-End Performance: 16 Client(s) Timeout Responses : 0
Stage 1 Random Front-End Performance: 16 Client(s) Total Failed Responses : 0
Stage 1 Random Front-End Performance: 16 Client(s) Total Requests (including replies) : 1319416
Stage 1 Random Front-End Performance: 16 Client(s) Total Requests (without replies) : 1319416
Stage 1 Random Front-End Performance: 256 Client(s) % Failed : 0.0
Stage 1 Random Front-End Performance: 256 Client(s) % Success : 100.0
Stage 1 Random Front-End Performance: 256 Client(s) % Timeout : 0.0
Stage 1 Random Front-End Performance: 256 Client(s) Average Response Time (ms) : 12.0
Stage 1 Random Front-End Performance: 256 Client(s) CPU load (loadavg - last one minute) : 25.69
Stage 1 Random Front-End Performance: 256 Client(s) Goodput (Requests per Second) : 21324.0
Stage 1 Random Front-End Performance: 256 Client(s) Maximum Response Time (ms) : 301.0
Stage 1 Random Front-End Performance: 256 Client(s) STDEV Response Time (ms) : 17.0
Stage 1 Random Front-End Performance: 256 Client(s) Successful Responses : 1279637
Stage 1 Random Front-End Performance: 256 Client(s) Throughput (Requests per Second) : 21324.0
Stage 1 Random Front-End Performance: 256 Client(s) Timeout Responses : 0
Stage 1 Random Front-End Performance: 256 Client(s) Total Failed Responses : 0
Stage 1 Random Front-End Performance: 256 Client(s) Total Requests (including replies) : 1347101
Stage 1 Random Front-End Performance: 256 Client(s) Total Requests (without replies) : 1279637
Stage 1 Random Front-End Performance: 32 Client(s) % Failed : 0.0
Stage 1 Random Front-End Performance: 32 Client(s) % Success : 100.0
Stage 1 Random Front-End Performance: 32 Client(s) % Timeout : 0.0
Stage 1 Random Front-End Performance: 32 Client(s) Average Response Time (ms) : 2.0
Stage 1 Random Front-End Performance: 32 Client(s) CPU load (loadavg - last one minute) : 19.68
Stage 1 Random Front-End Performance: 32 Client(s) Goodput (Requests per Second) : 22040.0
Stage 1 Random Front-End Performance: 32 Client(s) Maximum Response Time (ms) : 80.0
Stage 1 Random Front-End Performance: 32 Client(s) STDEV Response Time (ms) : 2.0
Stage 1 Random Front-End Performance: 32 Client(s) Successful Responses : 1322403
Stage 1 Random Front-End Performance: 32 Client(s) Throughput (Requests per Second) : 22040.0
Stage 1 Random Front-End Performance: 32 Client(s) Timeout Responses : 0
Stage 1 Random Front-End Performance: 32 Client(s) Total Failed Responses : 0
Stage 1 Random Front-End Performance: 32 Client(s) Total Requests (including replies) : 1322403
Stage 1 Random Front-End Performance: 32 Client(s) Total Requests (without replies) : 1322403
Stage 1 Random Front-End Performance: 64 Client(s) % Failed : 0.0
Stage 1 Random Front-End Performance: 64 Client(s) % Success : 100.0
Stage 1 Random Front-End Performance: 64 Client(s) % Timeout : 0.0
Stage 1 Random Front-End Performance: 64 Client(s) Average Response Time (ms) : 3.0
Stage 1 Random Front-End Performance: 64 Client(s) CPU load (loadavg - last one minute) : 20.52
Stage 1 Random Front-End Performance: 64 Client(s) Goodput (Requests per Second) : 23648.0
Stage 1 Random Front-End Performance: 64 Client(s) Maximum Response Time (ms) : 95.0
Stage 1 Random Front-End Performance: 64 Client(s) STDEV Response Time (ms) : 4.0
Stage 1 Random Front-End Performance: 64 Client(s) Successful Responses : 1418991
Stage 1 Random Front-End Performance: 64 Client(s) Throughput (Requests per Second) : 23648.0
Stage 1 Random Front-End Performance: 64 Client(s) Timeout Responses : 0
Stage 1 Random Front-End Performance: 64 Client(s) Total Failed Responses : 0
Stage 1 Random Front-End Performance: 64 Client(s) Total Requests (including replies) : 1419054
Stage 1 Random Front-End Performance: 64 Client(s) Total Requests (without replies) : 1418991
Stage 1 Single Front Node Multi-Client Crash : 2.0
Stage 1 Single Front-End: 1 Client(s) % Failed : 0.0
Stage 1 Single Front-End: 1 Client(s) % Success : 100.0
Stage 1 Single Front-End: 1 Client(s) % Timeout : 0.0
Stage 1 Single Front-End: 1 Client(s) Average Response Time (ms) : 1.0
Stage 1 Single Front-End: 1 Client(s) Goodput (Requests per Second) : 6592.0
Stage 1 Single Front-End: 1 Client(s) Maximum Response Time (ms) : 21.0
Stage 1 Single Front-End: 1 Client(s) STDEV Response Time (ms) : 1.0
Stage 1 Single Front-End: 1 Client(s) Successful Responses : 395471
Stage 1 Single Front-End: 1 Client(s) Throughput (Requests per Second) : 6592.0
Stage 1 Single Front-End: 1 Client(s) Timeout Responses : 0
Stage 1 Single Front-End: 1 Client(s) Total Failed Responses : 0
Stage 1 Single Front-End: 1 Client(s) Total Requests (including retries) : 395471
Stage 1 Single Front-End: 1 Client(s) Total Requests (without retries) : 395471
Stage 1 Single Front-End: 128 Client(s) % Failed : 0.0
Stage 1 Single Front-End: 128 Client(s) % Success : 100.0
Stage 1 Single Front-End: 128 Client(s) % Timeout : 0.0
Stage 1 Single Front-End: 128 Client(s) Average Response Time (ms) : 5.0
Stage 1 Single Front-End: 128 Client(s) Goodput (Requests per Second) : 28058.0
Stage 1 Single Front-End: 128 Client(s) Maximum Response Time (ms) : 141.0
Stage 1 Single Front-End: 128 Client(s) STDEV Response Time (ms) : 2.0
Stage 1 Single Front-End: 128 Client(s) Successful Responses : 1683602
Stage 1 Single Front-End: 128 Client(s) Throughput (Requests per Second) : 28058.0
Stage 1 Single Front-End: 128 Client(s) Timeout Responses : 0
Stage 1 Single Front-End: 128 Client(s) Total Failed Responses : 0
Stage 1 Single Front-End: 128 Client(s) Total Requests (including retries) : 1683635
Stage 1 Single Front-End: 128 Client(s) Total Requests (without retries) : 1683602
Stage 1 Single Front-End: 16 Client(s) % Failed : 0.0
Stage 1 Single Front-End: 16 Client(s) % Success : 100.0
Stage 1 Single Front-End: 16 Client(s) % Timeout : 0.0
Stage 1 Single Front-End: 16 Client(s) Average Response Time (ms) : 1.0
Stage 1 Single Front-End: 16 Client(s) Goodput (Requests per Second) : 21505.0
Stage 1 Single Front-End: 16 Client(s) Maximum Response Time (ms) : 108.0
Stage 1 Single Front-End: 16 Client(s) STDEV Response Time (ms) : 1.0
Stage 1 Single Front-End: 16 Client(s) Successful Responses : 1290284
Stage 1 Single Front-End: 16 Client(s) Throughput (Requests per Second) : 21505.0
Stage 1 Single Front-End: 16 Client(s) Timeout Responses : 0
Stage 1 Single Front-End: 16 Client(s) Total Failed Responses : 0
Stage 1 Single Front-End: 16 Client(s) Total Requests (including retries) : 1290296
Stage 1 Single Front-End: 16 Client(s) Total Requests (without retries) : 1290284
Stage 1 Single Front-End: 256 Client(s) % Failed : 0.0
Stage 1 Single Front-End: 256 Client(s) % Success : 100.0
Stage 1 Single Front-End: 256 Client(s) % Timeout : 0.0
Stage 1 Single Front-End: 256 Client(s) Average Response Time (ms) : 10.0
Stage 1 Single Front-End: 256 Client(s) Goodput (Requests per Second) : 26727.0
Stage 1 Single Front-End: 256 Client(s) Maximum Response Time (ms) : 535.0
Stage 1 Single Front-End: 256 Client(s) STDEV Response Time (ms) : 9.0
Stage 1 Single Front-End: 256 Client(s) Successful Responses : 1603848
Stage 1 Single Front-End: 256 Client(s) Throughput (Requests per Second) : 26727.0
Stage 1 Single Front-End: 256 Client(s) Timeout Responses : 0
Stage 1 Single Front-End: 256 Client(s) Total Failed Responses : 0
Stage 1 Single Front-End: 256 Client(s) Total Requests (including retries) : 1650123
Stage 1 Single Front-End: 256 Client(s) Total Requests (without retries) : 1603848
Stage 1 Single Front-End: 32 Client(s) % Failed : 0.0
Stage 1 Single Front-End: 32 Client(s) % Success : 100.0
Stage 1 Single Front-End: 32 Client(s) % Timeout : 0.0
Stage 1 Single Front-End: 32 Client(s) Average Response Time (ms) : 2.0
Stage 1 Single Front-End: 32 Client(s) Goodput (Requests per Second) : 25216.0
Stage 1 Single Front-End: 32 Client(s) Maximum Response Time (ms) : 61.0
Stage 1 Single Front-End: 32 Client(s) STDEV Response Time (ms) : 1.0
Stage 1 Single Front-End: 32 Client(s) Successful Responses : 1512995
Stage 1 Single Front-End: 32 Client(s) Throughput (Requests per Second) : 25216.0
Stage 1 Single Front-End: 32 Client(s) Timeout Responses : 0
Stage 1 Single Front-End: 32 Client(s) Total Failed Responses : 0
Stage 1 Single Front-End: 32 Client(s) Total Requests (including retries) : 1512995
Stage 1 Single Front-End: 32 Client(s) Total Requests (without retries) : 1512995
Stage 1 Single Front-End: 64 Client(s) % Failed : 0.0
Stage 1 Single Front-End: 64 Client(s) % Success : 100.0
Stage 1 Single Front-End: 64 Client(s) % Timeout : 0.0
Stage 1 Single Front-End: 64 Client(s) Average Response Time (ms) : 3.0
Stage 1 Single Front-End: 64 Client(s) Goodput (Requests per Second) : 26475.0
Stage 1 Single Front-End: 64 Client(s) Maximum Response Time (ms) : 62.0
Stage 1 Single Front-End: 64 Client(s) STDEV Response Time (ms) : 2.0
Stage 1 Single Front-End: 64 Client(s) Successful Responses : 1588563
Stage 1 Single Front-End: 64 Client(s) Throughput (Requests per Second) : 26475.0
Stage 1 Single Front-End: 64 Client(s) Timeout Responses : 0
Stage 1 Single Front-End: 64 Client(s) Total Failed Responses : 0
Stage 1 Single Front-End: 64 Client(s) Total Requests (including retries) : 1588563
Stage 1 Single Front-End: 64 Client(s) Total Requests (without retries) : 1588563
Stage 1 Suspend Node Count : 6
Stage 2 Distributed Shutdown Honoured : 2.0
Stage 2 Random Front-End Basic : 2.0
Stage 2 Random Front-End: 1 Client(s) % Failed : 0.0
Stage 2 Random Front-End: 1 Client(s) % Success : 100.0
Stage 2 Random Front-End: 1 Client(s) % Timeout : 0.0
Stage 2 Random Front-End: 1 Client(s) Average Response Time (ms) : 1.0
Stage 2 Random Front-End: 1 Client(s) Goodput (Requests per Second) : 7951.0
Stage 2 Random Front-End: 1 Client(s) Maximum Response Time (ms) : 62.0
Stage 2 Random Front-End: 1 Client(s) STDEV Response Time (ms) : 1.0
Stage 2 Random Front-End: 1 Client(s) Successful Responses : 477024
Stage 2 Random Front-End: 1 Client(s) Throughput (Requests per Second) : 7951.0
Stage 2 Random Front-End: 1 Client(s) Timeout Responses : 0
Stage 2 Random Front-End: 1 Client(s) Total Failed Responses : 0
Stage 2 Random Front-End: 1 Client(s) Total Requests (including replies) : 477024
Stage 2 Random Front-End: 1 Client(s) Total Requests (without replies) : 477024
Stage 2 Random Front-End: 128 Client(s) % Failed : 0.0
Stage 2 Random Front-End: 128 Client(s) % Success : 100.0
Stage 2 Random Front-End: 128 Client(s) % Timeout : 0.0
Stage 2 Random Front-End: 128 Client(s) Average Response Time (ms) : 5.0
Stage 2 Random Front-End: 128 Client(s) CPU load (loadavg - last one minute) : 18.88
Stage 2 Random Front-End: 128 Client(s) Goodput (Requests per Second) : 25509.0
Stage 2 Random Front-End: 128 Client(s) Maximum Response Time (ms) : 96.0
Stage 2 Random Front-End: 128 Client(s) STDEV Response Time (ms) : 7.0
Stage 2 Random Front-End: 128 Client(s) Successful Responses : 1530641
Stage 2 Random Front-End: 128 Client(s) Throughput (Requests per Second) : 25509.0
Stage 2 Random Front-End: 128 Client(s) Timeout Responses : 0
Stage 2 Random Front-End: 128 Client(s) Total Failed Responses : 0
Stage 2 Random Front-End: 128 Client(s) Total Requests (including replies) : 1532822
Stage 2 Random Front-End: 128 Client(s) Total Requests (without replies) : 1530641
Stage 2 Random Front-End: 16 Client(s) % Failed : 0.0
Stage 2 Random Front-End: 16 Client(s) % Success : 100.0
Stage 2 Random Front-End: 16 Client(s) % Timeout : 0.0
Stage 2 Random Front-End: 16 Client(s) Average Response Time (ms) : 1.0
Stage 2 Random Front-End: 16 Client(s) Goodput (Requests per Second) : 22777.0
Stage 2 Random Front-End: 16 Client(s) Maximum Response Time (ms) : 43.0
Stage 2 Random Front-End: 16 Client(s) STDEV Response Time (ms) : 1.0
Stage 2 Random Front-End: 16 Client(s) Successful Responses : 1366605
Stage 2 Random Front-End: 16 Client(s) Throughput (Requests per Second) : 22777.0
Stage 2 Random Front-End: 16 Client(s) Timeout Responses : 0
Stage 2 Random Front-End: 16 Client(s) Total Failed Responses : 0
Stage 2 Random Front-End: 16 Client(s) Total Requests (including replies) : 1366605
Stage 2 Random Front-End: 16 Client(s) Total Requests (without replies) : 1366605
Stage 2 Random Front-End: 256 Client(s) % Failed : 0.0
Stage 2 Random Front-End: 256 Client(s) % Success : 100.0
Stage 2 Random Front-End: 256 Client(s) % Timeout : 0.0
Stage 2 Random Front-End: 256 Client(s) Average Response Time (ms) : 12.0
Stage 2 Random Front-End: 256 Client(s) CPU load (loadavg - last one minute) : 22.83
Stage 2 Random Front-End: 256 Client(s) Goodput (Requests per Second) : 22318.0
Stage 2 Random Front-End: 256 Client(s) Maximum Response Time (ms) : 151.0
Stage 2 Random Front-End: 256 Client(s) STDEV Response Time (ms) : 15.0
Stage 2 Random Front-End: 256 Client(s) Successful Responses : 1339251
Stage 2 Random Front-End: 256 Client(s) Throughput (Requests per Second) : 22318.0
Stage 2 Random Front-End: 256 Client(s) Timeout Responses : 0
Stage 2 Random Front-End: 256 Client(s) Total Failed Responses : 0
Stage 2 Random Front-End: 256 Client(s) Total Requests (including replies) : 1402432
Stage 2 Random Front-End: 256 Client(s) Total Requests (without replies) : 1339251
Stage 2 Random Front-End: 32 Client(s) % Failed : 0.0
Stage 2 Random Front-End: 32 Client(s) % Success : 100.0
Stage 2 Random Front-End: 32 Client(s) % Timeout : 0.0
Stage 2 Random Front-End: 32 Client(s) Average Response Time (ms) : 2.0
Stage 2 Random Front-End: 32 Client(s) CPU load (loadavg - last one minute) : 15.62
Stage 2 Random Front-End: 32 Client(s) Goodput (Requests per Second) : 22704.0
Stage 2 Random Front-End: 32 Client(s) Maximum Response Time (ms) : 61.0
Stage 2 Random Front-End: 32 Client(s) STDEV Response Time (ms) : 2.0
Stage 2 Random Front-End: 32 Client(s) Successful Responses : 1362416
Stage 2 Random Front-End: 32 Client(s) Throughput (Requests per Second) : 22704.0
Stage 2 Random Front-End: 32 Client(s) Timeout Responses : 0
Stage 2 Random Front-End: 32 Client(s) Total Failed Responses : 0
Stage 2 Random Front-End: 32 Client(s) Total Requests (including replies) : 1362416
Stage 2 Random Front-End: 32 Client(s) Total Requests (without replies) : 1362416
Stage 2 Random Front-End: 64 Client(s) % Failed : 0.0
Stage 2 Random Front-End: 64 Client(s) % Success : 100.0
Stage 2 Random Front-End: 64 Client(s) % Timeout : 0.0
Stage 2 Random Front-End: 64 Client(s) Average Response Time (ms) : 3.0
Stage 2 Random Front-End: 64 Client(s) CPU load (loadavg - last one minute) : 16.84
Stage 2 Random Front-End: 64 Client(s) Goodput (Requests per Second) : 24475.0
Stage 2 Random Front-End: 64 Client(s) Maximum Response Time (ms) : 83.0
Stage 2 Random Front-End: 64 Client(s) STDEV Response Time (ms) : 4.0
Stage 2 Random Front-End: 64 Client(s) Successful Responses : 1468554
Stage 2 Random Front-End: 64 Client(s) Throughput (Requests per Second) : 24475.0
Stage 2 Random Front-End: 64 Client(s) Timeout Responses : 0
Stage 2 Random Front-End: 64 Client(s) Total Failed Responses : 0
Stage 2 Random Front-End: 64 Client(s) Total Requests (including replies) : 1468590
Stage 2 Random Front-End: 64 Client(s) Total Requests (without replies) : 1468554
Stage 2 Resumed Node Count : 3
Stage 2 Single Front-End: 1 Client(s) % Failed : 0.0
Stage 2 Single Front-End: 1 Client(s) % Success : 100.0
Stage 2 Single Front-End: 1 Client(s) % Timeout : 0.0
Stage 2 Single Front-End: 1 Client(s) Average Response Time (ms) : 1.0
Stage 2 Single Front-End: 1 Client(s) Goodput (Requests per Second) : 8431.0
Stage 2 Single Front-End: 1 Client(s) Maximum Response Time (ms) : 8.0
Stage 2 Single Front-End: 1 Client(s) STDEV Response Time (ms) : 1.0
Stage 2 Single Front-End: 1 Client(s) Successful Responses : 505830
Stage 2 Single Front-End: 1 Client(s) Throughput (Requests per Second) : 8431.0
Stage 2 Single Front-End: 1 Client(s) Timeout Responses : 0
Stage 2 Single Front-End: 1 Client(s) Total Failed Responses : 0
Stage 2 Single Front-End: 1 Client(s) Total Requests (including retries) : 505830
Stage 2 Single Front-End: 1 Client(s) Total Requests (without retries) : 505830
Stage 2 Single Front-End: 128 Client(s) % Failed : 0.0
Stage 2 Single Front-End: 128 Client(s) % Success : 100.0
Stage 2 Single Front-End: 128 Client(s) % Timeout : 0.0
Stage 2 Single Front-End: 128 Client(s) Average Response Time (ms) : 5.0
Stage 2 Single Front-End: 128 Client(s) Goodput (Requests per Second) : 28398.0
Stage 2 Single Front-End: 128 Client(s) Maximum Response Time (ms) : 70.0
Stage 2 Single Front-End: 128 Client(s) STDEV Response Time (ms) : 2.0
Stage 2 Single Front-End: 128 Client(s) Successful Responses : 1704030
Stage 2 Single Front-End: 128 Client(s) Throughput (Requests per Second) : 28398.0
Stage 2 Single Front-End: 128 Client(s) Timeout Responses : 0
Stage 2 Single Front-End: 128 Client(s) Total Failed Responses : 0
Stage 2 Single Front-End: 128 Client(s) Total Requests (including retries) : 1704059
Stage 2 Single Front-End: 128 Client(s) Total Requests (without retries) : 1704030
Stage 2 Single Front-End: 16 Client(s) % Failed : 0.0
Stage 2 Single Front-End: 16 Client(s) % Success : 100.0
Stage 2 Single Front-End: 16 Client(s) % Timeout : 0.0
Stage 2 Single Front-End: 16 Client(s) Average Response Time (ms) : 1.0
Stage 2 Single Front-End: 16 Client(s) Goodput (Requests per Second) : 25152.0
Stage 2 Single Front-End: 16 Client(s) Maximum Response Time (ms) : 21.0
Stage 2 Single Front-End: 16 Client(s) STDEV Response Time (ms) : 1.0
Stage 2 Single Front-End: 16 Client(s) Successful Responses : 1509112
Stage 2 Single Front-End: 16 Client(s) Throughput (Requests per Second) : 25152.0
Stage 2 Single Front-End: 16 Client(s) Timeout Responses : 0
Stage 2 Single Front-End: 16 Client(s) Total Failed Responses : 0
Stage 2 Single Front-End: 16 Client(s) Total Requests (including retries) : 1509112
Stage 2 Single Front-End: 16 Client(s) Total Requests (without retries) : 1509112
Stage 2 Single Front-End: 256 Client(s) % Failed : 0.0
Stage 2 Single Front-End: 256 Client(s) % Success : 100.0
Stage 2 Single Front-End: 256 Client(s) % Timeout : 0.0
Stage 2 Single Front-End: 256 Client(s) Average Response Time (ms) : 10.0
Stage 2 Single Front-End: 256 Client(s) Goodput (Requests per Second) : 27784.0
Stage 2 Single Front-End: 256 Client(s) Maximum Response Time (ms) : 303.0
Stage 2 Single Front-End: 256 Client(s) STDEV Response Time (ms) : 9.0
Stage 2 Single Front-End: 256 Client(s) Successful Responses : 1667270
Stage 2 Single Front-End: 256 Client(s) Throughput (Requests per Second) : 27784.0
Stage 2 Single Front-End: 256 Client(s) Timeout Responses : 0
Stage 2 Single Front-End: 256 Client(s) Total Failed Responses : 0
Stage 2 Single Front-End: 256 Client(s) Total Requests (including retries) : 1712843
Stage 2 Single Front-End: 256 Client(s) Total Requests (without retries) : 1667270
Stage 2 Single Front-End: 32 Client(s) % Failed : 0.0
Stage 2 Single Front-End: 32 Client(s) % Success : 100.0
Stage 2 Single Front-End: 32 Client(s) % Timeout : 0.0
Stage 2 Single Front-End: 32 Client(s) Average Response Time (ms) : 2.0
Stage 2 Single Front-End: 32 Client(s) Goodput (Requests per Second) : 26533.0
Stage 2 Single Front-End: 32 Client(s) Maximum Response Time (ms) : 59.0
Stage 2 Single Front-End: 32 Client(s) STDEV Response Time (ms) : 1.0
Stage 2 Single Front-End: 32 Client(s) Successful Responses : 1591968
Stage 2 Single Front-End: 32 Client(s) Throughput (Requests per Second) : 26533.0
Stage 2 Single Front-End: 32 Client(s) Timeout Responses : 0
Stage 2 Single Front-End: 32 Client(s) Total Failed Responses : 0
Stage 2 Single Front-End: 32 Client(s) Total Requests (including retries) : 1591968
Stage 2 Single Front-End: 32 Client(s) Total Requests (without retries) : 1591968
Stage 2 Single Front-End: 64 Client(s) % Failed : 0.0
Stage 2 Single Front-End: 64 Client(s) % Success : 100.0
Stage 2 Single Front-End: 64 Client(s) % Timeout : 0.0
Stage 2 Single Front-End: 64 Client(s) Average Response Time (ms) : 3.0
Stage 2 Single Front-End: 64 Client(s) Goodput (Requests per Second) : 27666.0
Stage 2 Single Front-End: 64 Client(s) Maximum Response Time (ms) : 62.0
Stage 2 Single Front-End: 64 Client(s) STDEV Response Time (ms) : 2.0
Stage 2 Single Front-End: 64 Client(s) Successful Responses : 1659999
Stage 2 Single Front-End: 64 Client(s) Throughput (Requests per Second) : 27666.0
Stage 2 Single Front-End: 64 Client(s) Timeout Responses : 0
Stage 2 Single Front-End: 64 Client(s) Total Failed Responses : 0
Stage 2 Single Front-End: 64 Client(s) Total Requests (including retries) : 1660020
Stage 2 Single Front-End: 64 Client(s) Total Requests (without retries) : 1659999
Suspend Verify v2; Stage 1; Key Recovery; : 2.0
Suspend Verify v2; Stage 1; Key Recovery; % ERROR-INVALID-GET (value or version) : 0.0
Suspend Verify v2; Stage 1; Key Recovery; % ERROR-OTHER : 0.0
Suspend Verify v2; Stage 1; Key Recovery; % ERROR-UID : 0.0
Suspend Verify v2; Stage 1; Key Recovery; % FAILED (Not SUCCESS) : 28.1225
Suspend Verify v2; Stage 1; Key Recovery; % KEY-NOT-FOUND : 28.1225
Suspend Verify v2; Stage 1; Key Recovery; % SUCCESS : 71.8775
Suspend Verify v2; Stage 1; Key Recovery; % TIMEOUT : 0.0
Suspend Verify v2; Stage 1; Key Recovery; SUCCESS Response Count : 28751.0
Suspend Verify v2; Stage 1; Key Recovery; Total Value Size (MiB) : 13.753707885742188
Suspend Verify v2; Stage 2; Key Recovery; : 2.0
Suspend Verify v2; Stage 2; Key Recovery; % ERROR-INVALID-GET (value or version) : 0.0
Suspend Verify v2; Stage 2; Key Recovery; % ERROR-OTHER : 0.0
Suspend Verify v2; Stage 2; Key Recovery; % ERROR-UID : 0.0
Suspend Verify v2; Stage 2; Key Recovery; % FAILED (Not SUCCESS) : 14.06
Suspend Verify v2; Stage 2; Key Recovery; % KEY-NOT-FOUND : 14.06
Suspend Verify v2; Stage 2; Key Recovery; % SUCCESS : 85.94
Suspend Verify v2; Stage 2; Key Recovery; % TIMEOUT : 0.0
Suspend Verify v2; Stage 2; Key Recovery; SUCCESS Response Count : 34376.0
Suspend Verify v2; Stage 2; Key Recovery; Total Value Size (MiB) : 16.447492599487305
Test Start Time : Fri Mar 10 06:24:16 UTC 2023
Result Verification Code : D81CC31DABDDE246365849362FA16519
[Info] Number of collected result fields: 382
[Info] Completed A8 Tests.

[TA-Note] Resuming any remaining dead nodes (so you do not have to redeploy your service)!
Waiting 10 seconds before resuming nodes
[Info] Resuming 3 servers.
[ ... Completed in 0.016 seconds ]

test completed
Testing completed in 2016.995s
